#
# There is insufficient memory for the Java Runtime Environment to continue.
# Native memory allocation (malloc) failed to allocate 32744 bytes for ChunkPool::allocate
# Possible reasons:
#   The system is out of physical RAM or swap space
#   The process is running with CompressedOops enabled, and the Java Heap may be blocking the growth of the native heap
# Possible solutions:
#   Reduce memory load on the system
#   Increase physical memory or swap space
#   Check if swap backing store is full
#   Decrease Java heap size (-Xmx/-Xms)
#   Decrease number of Java threads
#   Decrease Java thread stack sizes (-Xss)
#   Set larger code cache with -XX:ReservedCodeCacheSize=
#   JVM is running with Unscaled Compressed Oops mode in which the Java heap is
#     placed in the first 4GB address space. The Java Heap base address is the
#     maximum limit for the native heap growth. Please use -XX:HeapBaseMinAddress
#     to set the Java Heap base and to place the Java Heap above 4GB virtual address.
# This output file may be truncated or incomplete.
#
#  Out of Memory Error (allocation.cpp:272), pid=6456, tid=0x00000000000005a4
#
# JRE version: OpenJDK Runtime Environment (8.0_242-b01) (build 1.8.0_242-release-1644-b01)
# Java VM: OpenJDK 64-Bit Server VM (25.242-b01 mixed mode windows-amd64 compressed oops)
# Failed to write core dump. Minidumps are not enabled by default on client versions of Windows
#

---------------  T H R E A D  ---------------

Current thread (0x00000000174df000):  JavaThread "C2 CompilerThread1" daemon [_thread_in_native, id=1444, stack(0x0000000018c40000,0x0000000018d40000)]

Stack: [0x0000000018c40000,0x0000000018d40000]
[error occurred during error reporting (printing stack bounds), id 0xc0000005]

Native frames: (J=compiled Java code, j=interpreted, Vv=VM code, C=native code)


Current CompileTask:
C2:2465607 32949       4       com.android.tools.r8.z.a.a.f::a (3630 bytes)


---------------  P R O C E S S  ---------------

Java Threads: ( => current thread )
  0x000000001a1dc800 JavaThread "Cache worker for Java compile cache (C:\Users\ASUS\Documents\GitHub\spindie\.gradle\6.8\javaCompile)" [_thread_blocked, id=8812, stack(0x0000000030b90000,0x0000000030c90000)]
  0x000000001a1de800 JavaThread "Cache worker for execution history cache (C:\Users\ASUS\Documents\GitHub\spindie\.gradle\6.8\executionHistory)" [_thread_blocked, id=6824, stack(0x0000000030a90000,0x0000000030b90000)]
  0x000000001a1dd000 JavaThread "Execution worker for ':' Thread 3" [_thread_blocked, id=11476, stack(0x0000000030990000,0x0000000030a90000)]
  0x000000001a1da000 JavaThread "Execution worker for ':' Thread 2" [_thread_blocked, id=3528, stack(0x0000000030890000,0x0000000030990000)]
  0x000000001a1de000 JavaThread "Execution worker for ':'" [_thread_blocked, id=11168, stack(0x000000002f720000,0x000000002f820000)]
  0x000000002beab000 JavaThread "Build operations Thread 4" [_thread_in_Java, id=10300, stack(0x0000000022600000,0x0000000022700000)]
  0x000000002bea9800 JavaThread "Build operations Thread 3" [_thread_in_Java, id=9856, stack(0x0000000022300000,0x0000000022400000)]
  0x000000002bea6000 JavaThread "Build operations Thread 2" [_thread_in_Java, id=4372, stack(0x0000000022200000,0x0000000022300000)]
  0x000000002beaa800 JavaThread "Build operations" [_thread_in_Java, id=384, stack(0x0000000021ee0000,0x0000000021fe0000)]
  0x000000002bea9000 JavaThread "Cache worker for Build Output Cleanup Cache (C:\Users\ASUS\Documents\GitHub\spindie\.gradle\buildOutputCleanup)" [_thread_blocked, id=11636, stack(0x0000000021de0000,0x0000000021ee0000)]
  0x000000002be9d800 JavaThread "Cache worker for cache directory md-rule (C:\Users\ASUS\.gradle\caches\6.8\md-rule)" [_thread_blocked, id=5096, stack(0x0000000021ce0000,0x0000000021de0000)]
  0x000000002bea4800 JavaThread "Cache worker for cache directory md-supplier (C:\Users\ASUS\.gradle\caches\6.8\md-supplier)" [_thread_blocked, id=3720, stack(0x0000000021500000,0x0000000021600000)]
  0x000000002be9d000 JavaThread "Cache worker for checksums cache (C:\Users\ASUS\Documents\GitHub\spindie\.gradle\checksums)" [_thread_blocked, id=4504, stack(0x0000000021150000,0x0000000021250000)]
  0x000000002bea3800 JavaThread "Cache worker for file hash cache (C:\Users\ASUS\Documents\GitHub\spindie\.gradle\6.8\fileHashes)" [_thread_blocked, id=5184, stack(0x000000001f830000,0x000000001f930000)]
  0x000000002be9c000 JavaThread "Daemon client event forwarder" [_thread_blocked, id=11796, stack(0x000000001cf90000,0x000000001d090000)]
  0x000000002bea2000 JavaThread "Asynchronous log dispatcher for DefaultDaemonConnection: socket connection from /127.0.0.1:52403 to /127.0.0.1:52713" [_thread_blocked, id=3304, stack(0x000000001cc90000,0x000000001cd90000)]
  0x000000002bea0800 JavaThread "Daemon worker Thread 7" [_thread_blocked, id=3456, stack(0x000000001cb90000,0x000000001cc90000)]
  0x000000002be9f000 JavaThread "Cancel handler" [_thread_blocked, id=11284, stack(0x000000001ca90000,0x000000001cb90000)]
  0x000000002bea0000 JavaThread "Handler for socket connection from /127.0.0.1:52403 to /127.0.0.1:52713" [_thread_in_native, id=7956, stack(0x000000001c990000,0x000000001ca90000)]
  0x000000002be9e800 JavaThread "Daemon Thread 6" [_thread_blocked, id=10400, stack(0x00000000025b0000,0x00000000026b0000)]
  0x0000000020e61000 JavaThread "Cache worker for Java compile cache (C:\Users\ASUS\.gradle\caches\6.8\javaCompile)" [_thread_blocked, id=10664, stack(0x000000001cd90000,0x000000001ce90000)]
  0x000000001ed8e000 JavaThread "Memory manager" [_thread_blocked, id=9608, stack(0x000000002a0a0000,0x000000002a1a0000)]
  0x000000001ddf6800 JavaThread "Cache worker for file content cache (C:\Users\ASUS\.gradle\caches\6.8\fileContent)" [_thread_blocked, id=4208, stack(0x0000000023000000,0x0000000023100000)]
  0x0000000018f63800 JavaThread "Cache worker for execution history cache (C:\Users\ASUS\.gradle\caches\6.8\executionHistory)" [_thread_blocked, id=7260, stack(0x0000000022700000,0x0000000022800000)]
  0x00000000197ea800 JavaThread "Cache worker for journal cache (C:\Users\ASUS\.gradle\caches\journal-1)" [_thread_blocked, id=3360, stack(0x000000001d790000,0x000000001d890000)]
  0x00000000197ea000 JavaThread "File lock request listener" [_thread_in_native, id=6020, stack(0x000000001d490000,0x000000001d590000)]
  0x00000000197f0000 JavaThread "Cache worker for file hash cache (C:\Users\ASUS\.gradle\caches\6.8\fileHashes)" [_thread_blocked, id=10060, stack(0x000000001d290000,0x000000001d390000)]
  0x0000000018f1e000 JavaThread "Daemon periodic checks" [_thread_blocked, id=2696, stack(0x000000001c690000,0x000000001c790000)]
  0x0000000019bc0800 JavaThread "Incoming local TCP Connector on port 52403" [_thread_in_native, id=7436, stack(0x000000001c420000,0x000000001c520000)]
  0x0000000019475800 JavaThread "Daemon health stats" [_thread_blocked, id=1644, stack(0x000000001bde0000,0x000000001bee0000)]
  0x000000001752d000 JavaThread "Service Thread" daemon [_thread_blocked, id=7156, stack(0x0000000019240000,0x0000000019340000)]
  0x00000000174e4000 JavaThread "C1 CompilerThread2" daemon [_thread_in_native, id=11260, stack(0x0000000019140000,0x0000000019240000)]
=>0x00000000174df000 JavaThread "C2 CompilerThread1" daemon [_thread_in_native, id=1444, stack(0x0000000018c40000,0x0000000018d40000)]
  0x00000000174da000 JavaThread "C2 CompilerThread0" daemon [_thread_in_native, id=5016, stack(0x0000000018b40000,0x0000000018c40000)]
  0x00000000174d3000 JavaThread "Attach Listener" daemon [_thread_blocked, id=5128, stack(0x0000000018a40000,0x0000000018b40000)]
  0x00000000174d7800 JavaThread "Signal Dispatcher" daemon [_thread_blocked, id=8356, stack(0x0000000018940000,0x0000000018a40000)]
  0x00000000028ab800 JavaThread "Finalizer" daemon [_thread_blocked, id=4460, stack(0x0000000018720000,0x0000000018820000)]
  0x00000000174b9000 JavaThread "Reference Handler" daemon [_thread_blocked, id=8532, stack(0x0000000018620000,0x0000000018720000)]
  0x00000000027b2800 JavaThread "main" [_thread_blocked, id=8688, stack(0x00000000026b0000,0x00000000027b0000)]

Other Threads:
  0x0000000017496800 VMThread [stack: 0x0000000018520000,0x0000000018620000] [id=9736]
  0x0000000018d6a000 WatcherThread [stack: 0x0000000019340000,0x0000000019440000] [id=10944]

VM state:not at safepoint (normal execution)

VM Mutex/Monitor currently owned by a thread: None

heap address: 0x0000000080000000, size: 2048 MB, Compressed Oops mode: 32-bit
Narrow klass base: 0x0000000000000000, Narrow klass shift: 3
Compressed class space size: 1073741824 Address: 0x0000000100000000

Heap:
 PSYoungGen      total 625664K, used 116929K [0x00000000d5580000, 0x0000000100000000, 0x0000000100000000)
  eden space 564224K, 13% used [0x00000000d5580000,0x00000000da202750,0x00000000f7c80000)
  from space 61440K, 62% used [0x00000000f7c80000,0x00000000fa22dd70,0x00000000fb880000)
  to   space 64512K, 0% used [0x00000000fc100000,0x00000000fc100000,0x0000000100000000)
 ParOldGen       total 242176K, used 184941K [0x0000000080000000, 0x000000008ec80000, 0x00000000d5580000)
  object space 242176K, 76% used [0x0000000080000000,0x000000008b49b650,0x000000008ec80000)
 Metaspace       used 119858K, capacity 126638K, committed 127808K, reserved 1161216K
  class space    used 15147K, capacity 16432K, committed 16768K, reserved 1048576K

Card table byte_map: [0x0000000011c70000,0x0000000012080000] byte_map_base: 0x0000000011870000

Marking Bits: (ParMarkBitMap*) 0x0000000072a4f030
 Begin Bits: [0x0000000012730000, 0x0000000014730000)
 End Bits:   [0x0000000014730000, 0x0000000016730000)

Polling page: 0x0000000000c60000

CodeCache: size=245760Kb used=94339Kb max_used=95497Kb free=151420Kb
 bounds [0x00000000028b0000, 0x00000000086b0000, 0x00000000118b0000]
 total_blobs=24673 nmethods=23724 adapters=859
 compilation: enabled

Compilation events (10 events):
Event: 2465.428 Thread 0x00000000174e4000 32975       3       com.android.tools.r8.s.b.o::a (189 bytes)
Event: 2465.432 Thread 0x00000000174e4000 nmethod 32975 0x0000000007706f10 code [0x0000000007707340, 0x0000000007709a38]
Event: 2465.464 Thread 0x00000000174da000 32976       4       com.android.tools.r8.ir.conversion.N::a (72 bytes)
Event: 2465.505 Thread 0x00000000174e4000 32978       3       com.android.tools.r8.s.b.v::a (191 bytes)
Event: 2465.507 Thread 0x00000000174e4000 nmethod 32978 0x000000000719c5d0 code [0x000000000719c880, 0x000000000719db58]
Event: 2465.524 Thread 0x00000000174e4000 32979       3       com.android.tools.r8.graph.O0::a (20 bytes)
Event: 2465.525 Thread 0x00000000174e4000 nmethod 32979 0x0000000006cedfd0 code [0x0000000006cee160, 0x0000000006cee4e8]
Event: 2465.531 Thread 0x00000000174e4000 32980       3       com.android.tools.r8.ir.conversion.q::a (41 bytes)
Event: 2465.533 Thread 0x00000000174e4000 nmethod 32980 0x0000000003d0db10 code [0x0000000003d0dcc0, 0x0000000003d0e258]
Event: 2465.540 Thread 0x00000000174e4000 32982       3       com.android.tools.r8.ir.conversion.o::a (1153 bytes)

GC Heap History (10 events):
Event: 2455.998 GC heap before
{Heap before GC invocations=64 (full 5):
 PSYoungGen      total 608256K, used 560600K [0x00000000d5580000, 0x00000000ff500000, 0x0000000100000000)
  eden space 535040K, 100% used [0x00000000d5580000,0x00000000f6000000,0x00000000f6000000)
  from space 73216K, 34% used [0x00000000fad80000,0x00000000fc676288,0x00000000ff500000)
  to   space 76288K, 0% used [0x00000000f6000000,0x00000000f6000000,0x00000000faa80000)
 ParOldGen       total 242176K, used 128700K [0x0000000080000000, 0x000000008ec80000, 0x00000000d5580000)
  object space 242176K, 53% used [0x0000000080000000,0x0000000087daf140,0x000000008ec80000)
 Metaspace       used 119837K, capacity 126638K, committed 127808K, reserved 1161216K
  class space    used 15147K, capacity 16432K, committed 16768K, reserved 1048576K
Event: 2456.081 GC heap after
Heap after GC invocations=64 (full 5):
 PSYoungGen      total 611328K, used 5120K [0x00000000d5580000, 0x00000000ffe00000, 0x0000000100000000)
  eden space 535040K, 0% used [0x00000000d5580000,0x00000000d5580000,0x00000000f6000000)
  from space 76288K, 6% used [0x00000000f6000000,0x00000000f6500000,0x00000000faa80000)
  to   space 73728K, 0% used [0x00000000fb600000,0x00000000fb600000,0x00000000ffe00000)
 ParOldGen       total 242176K, used 148370K [0x0000000080000000, 0x000000008ec80000, 0x00000000d5580000)
  object space 242176K, 61% used [0x0000000080000000,0x00000000890e4868,0x000000008ec80000)
 Metaspace       used 119837K, capacity 126638K, committed 127808K, reserved 1161216K
  class space    used 15147K, capacity 16432K, committed 16768K, reserved 1048576K
}
Event: 2459.673 GC heap before
{Heap before GC invocations=65 (full 5):
 PSYoungGen      total 611328K, used 540160K [0x00000000d5580000, 0x00000000ffe00000, 0x0000000100000000)
  eden space 535040K, 100% used [0x00000000d5580000,0x00000000f6000000,0x00000000f6000000)
  from space 76288K, 6% used [0x00000000f6000000,0x00000000f6500000,0x00000000faa80000)
  to   space 73728K, 0% used [0x00000000fb600000,0x00000000fb600000,0x00000000ffe00000)
 ParOldGen       total 242176K, used 148370K [0x0000000080000000, 0x000000008ec80000, 0x00000000d5580000)
  object space 242176K, 61% used [0x0000000080000000,0x00000000890e4868,0x000000008ec80000)
 Metaspace       used 119842K, capacity 126638K, committed 127808K, reserved 1161216K
  class space    used 15147K, capacity 16432K, committed 16768K, reserved 1048576K
Event: 2459.725 GC heap after
Heap after GC invocations=65 (full 5):
 PSYoungGen      total 611840K, used 19269K [0x00000000d5580000, 0x00000000ff380000, 0x0000000100000000)
  eden space 548864K, 0% used [0x00000000d5580000,0x00000000d5580000,0x00000000f6d80000)
  from space 62976K, 30% used [0x00000000fb600000,0x00000000fc8d1578,0x00000000ff380000)
  to   space 68608K, 0% used [0x00000000f6d80000,0x00000000f6d80000,0x00000000fb080000)
 ParOldGen       total 242176K, used 149965K [0x0000000080000000, 0x000000008ec80000, 0x00000000d5580000)
  object space 242176K, 61% used [0x0000000080000000,0x00000000892734e8,0x000000008ec80000)
 Metaspace       used 119842K, capacity 126638K, committed 127808K, reserved 1161216K
  class space    used 15147K, capacity 16432K, committed 16768K, reserved 1048576K
}
Event: 2461.284 GC heap before
{Heap before GC invocations=66 (full 5):
 PSYoungGen      total 611840K, used 568133K [0x00000000d5580000, 0x00000000ff380000, 0x0000000100000000)
  eden space 548864K, 100% used [0x00000000d5580000,0x00000000f6d80000,0x00000000f6d80000)
  from space 62976K, 30% used [0x00000000fb600000,0x00000000fc8d1578,0x00000000ff380000)
  to   space 68608K, 0% used [0x00000000f6d80000,0x00000000f6d80000,0x00000000fb080000)
 ParOldGen       total 242176K, used 149965K [0x0000000080000000, 0x000000008ec80000, 0x00000000d5580000)
  object space 242176K, 61% used [0x0000000080000000,0x00000000892734e8,0x000000008ec80000)
 Metaspace       used 119846K, capacity 126638K, committed 127808K, reserved 1161216K
  class space    used 15147K, capacity 16432K, committed 16768K, reserved 1048576K
Event: 2461.331 GC heap after
Heap after GC invocations=66 (full 5):
 PSYoungGen      total 617472K, used 9936K [0x00000000d5580000, 0x0000000100000000, 0x0000000100000000)
  eden space 548864K, 0% used [0x00000000d5580000,0x00000000d5580000,0x00000000f6d80000)
  from space 68608K, 14% used [0x00000000f6d80000,0x00000000f7734030,0x00000000fb080000)
  to   space 66048K, 0% used [0x00000000fbf80000,0x00000000fbf80000,0x0000000100000000)
 ParOldGen       total 242176K, used 164689K [0x0000000080000000, 0x000000008ec80000, 0x00000000d5580000)
  object space 242176K, 68% used [0x0000000080000000,0x000000008a0d4718,0x000000008ec80000)
 Metaspace       used 119846K, capacity 126638K, committed 127808K, reserved 1161216K
  class space    used 15147K, capacity 16432K, committed 16768K, reserved 1048576K
}
Event: 2462.878 GC heap before
{Heap before GC invocations=67 (full 5):
 PSYoungGen      total 617472K, used 558800K [0x00000000d5580000, 0x0000000100000000, 0x0000000100000000)
  eden space 548864K, 100% used [0x00000000d5580000,0x00000000f6d80000,0x00000000f6d80000)
  from space 68608K, 14% used [0x00000000f6d80000,0x00000000f7734030,0x00000000fb080000)
  to   space 66048K, 0% used [0x00000000fbf80000,0x00000000fbf80000,0x0000000100000000)
 ParOldGen       total 242176K, used 165277K [0x0000000080000000, 0x000000008ec80000, 0x00000000d5580000)
  object space 242176K, 68% used [0x0000000080000000,0x000000008a167600,0x000000008ec80000)
 Metaspace       used 119851K, capacity 126638K, committed 127808K, reserved 1161216K
  class space    used 15147K, capacity 16432K, committed 16768K, reserved 1048576K
Event: 2462.913 GC heap after
Heap after GC invocations=67 (full 5):
 PSYoungGen      total 618496K, used 18164K [0x00000000d5580000, 0x00000000ff480000, 0x0000000100000000)
  eden space 564224K, 0% used [0x00000000d5580000,0x00000000d5580000,0x00000000f7c80000)
  from space 54272K, 33% used [0x00000000fbf80000,0x00000000fd13d168,0x00000000ff480000)
  to   space 61440K, 0% used [0x00000000f7c80000,0x00000000f7c80000,0x00000000fb880000)
 ParOldGen       total 242176K, used 170835K [0x0000000080000000, 0x000000008ec80000, 0x00000000d5580000)
  object space 242176K, 70% used [0x0000000080000000,0x000000008a6d4c78,0x000000008ec80000)
 Metaspace       used 119851K, capacity 126638K, committed 127808K, reserved 1161216K
  class space    used 15147K, capacity 16432K, committed 16768K, reserved 1048576K
}
Event: 2465.155 GC heap before
{Heap before GC invocations=68 (full 5):
 PSYoungGen      total 618496K, used 582388K [0x00000000d5580000, 0x00000000ff480000, 0x0000000100000000)
  eden space 564224K, 100% used [0x00000000d5580000,0x00000000f7c80000,0x00000000f7c80000)
  from space 54272K, 33% used [0x00000000fbf80000,0x00000000fd13d168,0x00000000ff480000)
  to   space 61440K, 0% used [0x00000000f7c80000,0x00000000f7c80000,0x00000000fb880000)
 ParOldGen       total 242176K, used 170837K [0x0000000080000000, 0x000000008ec80000, 0x00000000d5580000)
  object space 242176K, 70% used [0x0000000080000000,0x000000008a6d54b8,0x000000008ec80000)
 Metaspace       used 119858K, capacity 126638K, committed 127808K, reserved 1161216K
  class space    used 15147K, capacity 16432K, committed 16768K, reserved 1048576K
Event: 2465.320 GC heap after
Heap after GC invocations=68 (full 5):
 PSYoungGen      total 625664K, used 38583K [0x00000000d5580000, 0x0000000100000000, 0x0000000100000000)
  eden space 564224K, 0% used [0x00000000d5580000,0x00000000d5580000,0x00000000f7c80000)
  from space 61440K, 62% used [0x00000000f7c80000,0x00000000fa22dd70,0x00000000fb880000)
  to   space 64512K, 0% used [0x00000000fc100000,0x00000000fc100000,0x0000000100000000)
 ParOldGen       total 242176K, used 184941K [0x0000000080000000, 0x000000008ec80000, 0x00000000d5580000)
  object space 242176K, 76% used [0x0000000080000000,0x000000008b49b650,0x000000008ec80000)
 Metaspace       used 119858K, capacity 126638K, committed 127808K, reserved 1161216K
  class space    used 15147K, capacity 16432K, committed 16768K, reserved 1048576K
}

Deoptimization events (10 events):
Event: 2464.575 Thread 0x000000002beab000 Uncommon trap: reason=bimorphic action=maybe_recompile pc=0x0000000007539514 method=com.android.tools.r8.ir.conversion.G.a(Lcom/android/tools/r8/ir/conversion/K;Ljava/util/List;)V @ 221
Event: 2464.824 Thread 0x000000002beaa800 Uncommon trap: reason=unstable_if action=reinterpret pc=0x0000000007405220 method=com.android.tools.r8.z.a.a.s.a(I)V @ 4
Event: 2464.937 Thread 0x000000002beaa800 Uncommon trap: reason=unstable_if action=reinterpret pc=0x000000000780bafc method=com.android.tools.r8.graph.u1.a.a(Lcom/android/tools/r8/graph/n1;)V @ 451
Event: 2464.943 Thread 0x000000002beaa800 Uncommon trap: reason=unstable_if action=reinterpret pc=0x000000000866f24c method=com.android.tools.r8.z.a.a.f.a(Lcom/android/tools/r8/z/a/a/a;ILjava/lang/String;[C)I @ 18
Event: 2464.955 Thread 0x000000002beaa800 Uncommon trap: reason=unstable_if action=reinterpret pc=0x0000000007f8f608 method=com.android.tools.r8.ir.optimize.l.q(Lcom/android/tools/r8/s/b/X;)V @ 311
Event: 2464.957 Thread 0x000000002beaa800 Uncommon trap: reason=unstable_if action=reinterpret pc=0x0000000004b6b644 method=com.android.tools.r8.ir.conversion.N.a(ILcom/android/tools/r8/s/a/p/u;Lcom/android/tools/r8/s/b/o$e;)Lcom/android/tools/r8/s/b/q1; @ 59
Event: 2464.958 Thread 0x000000002beaa800 Uncommon trap: reason=class_check action=maybe_recompile pc=0x0000000007d68758 method=com.android.tools.r8.ir.optimize.r.a(Lcom/android/tools/r8/s/b/X;Lcom/android/tools/r8/utils/n1;)V @ 302
Event: 2465.345 Thread 0x000000002beaa800 Uncommon trap: reason=unstable_if action=reinterpret pc=0x00000000071e4020 method=com.android.tools.r8.s.b.v.a(Lcom/android/tools/r8/ir/conversion/K;)V @ 31
Event: 2465.531 Thread 0x000000002beaa800 Uncommon trap: reason=unstable_if action=reinterpret pc=0x0000000007c89058 method=com.android.tools.r8.ir.conversion.q.a(I)Lcom/android/tools/r8/ir/conversion/t$a; @ 8
Event: 2465.531 Thread 0x000000002beaa800 Uncommon trap: reason=unstable_if action=reinterpret pc=0x0000000007b76720 method=com.android.tools.r8.ir.conversion.o.a(Lcom/android/tools/r8/ir/conversion/N;IZ)V @ 964

Classes redefined (0 events):
No events

Internal exceptions (10 events):
Event: 2460.259 Thread 0x000000002bea9800 Exception <a 'sun/nio/fs/WindowsException'> (0x00000000e4888b68) thrown at [C:\src\AOSP-openjdk-git\hotspot\src\share\vm\prims\jni.cpp, line 710]
Event: 2460.433 Thread 0x000000002bea9800 Exception <a 'sun/nio/fs/WindowsException'> (0x00000000e75645b8) thrown at [C:\src\AOSP-openjdk-git\hotspot\src\share\vm\prims\jni.cpp, line 710]
Event: 2461.726 Thread 0x000000002bea9800 Exception <a 'sun/nio/fs/WindowsException'> (0x00000000dd681cf0) thrown at [C:\src\AOSP-openjdk-git\hotspot\src\share\vm\prims\jni.cpp, line 710]
Event: 2463.067 Thread 0x000000002bea9800 Exception <a 'sun/nio/fs/WindowsException'> (0x00000000d8b4e820) thrown at [C:\src\AOSP-openjdk-git\hotspot\src\share\vm\prims\jni.cpp, line 710]
Event: 2463.557 Thread 0x000000002beaa800 Exception <a 'sun/nio/fs/WindowsException'> (0x00000000e0772bc8) thrown at [C:\src\AOSP-openjdk-git\hotspot\src\share\vm\prims\jni.cpp, line 710]
Event: 2464.035 Thread 0x000000002bea6000 Exception <a 'sun/nio/fs/WindowsException'> (0x00000000e6003568) thrown at [C:\src\AOSP-openjdk-git\hotspot\src\share\vm\prims\jni.cpp, line 710]
Event: 2464.153 Thread 0x000000002bea6000 Exception <a 'sun/nio/fs/WindowsException'> (0x00000000e895d698) thrown at [C:\src\AOSP-openjdk-git\hotspot\src\share\vm\prims\jni.cpp, line 710]
Event: 2464.251 Thread 0x000000002beaa800 Exception <a 'sun/nio/fs/WindowsException'> (0x00000000ea0cc348) thrown at [C:\src\AOSP-openjdk-git\hotspot\src\share\vm\prims\jni.cpp, line 710]
Event: 2465.345 Thread 0x000000002beaa800 Implicit null exception at 0x00000000071e3298 to 0x00000000071e3ffd
Event: 2465.531 Thread 0x000000002beaa800 Implicit null exception at 0x0000000007b73938 to 0x0000000007b76705

Events (10 events):
Event: 2465.386 Thread 0x00000000174da000 flushing nmethod 0x0000000003c03310
Event: 2465.435 Thread 0x00000000174e4000 flushing nmethod 0x0000000004126e10
Event: 2465.510 Thread 0x00000000174e4000 flushing nmethod 0x0000000004616490
Event: 2465.511 Thread 0x00000000174e4000 flushing nmethod 0x00000000046af350
Event: 2465.531 Thread 0x000000002beaa800 Uncommon trap: trap_request=0xffffff65 fr.pc=0x0000000007c89058
Event: 2465.531 Thread 0x000000002beaa800 DEOPT PACKING pc=0x0000000007c89058 sp=0x0000000021fdab70
Event: 2465.531 Thread 0x000000002beaa800 DEOPT UNPACKING pc=0x00000000028f557b sp=0x0000000021fdab08 mode 2
Event: 2465.531 Thread 0x000000002beaa800 Uncommon trap: trap_request=0xffffff65 fr.pc=0x0000000007b76720
Event: 2465.531 Thread 0x000000002beaa800 DEOPT PACKING pc=0x0000000007b76720 sp=0x0000000021fdabb0
Event: 2465.531 Thread 0x000000002beaa800 DEOPT UNPACKING pc=0x00000000028f557b sp=0x0000000021fdabd8 mode 2


Dynamic libraries:
0x00007ff7129e0000 - 0x00007ff712a11000 	C:\Program Files\Android\Android Studio\jre\bin\java.exe
0x00007ffd9fe30000 - 0x00007ffda0026000 	C:\WINDOWS\SYSTEM32\ntdll.dll
0x00007ffd9f1c0000 - 0x00007ffd9f27d000 	C:\WINDOWS\System32\KERNEL32.DLL
0x00007ffd9d5d0000 - 0x00007ffd9d899000 	C:\WINDOWS\System32\KERNELBASE.dll
0x00007ffd9e840000 - 0x00007ffd9e8ec000 	C:\WINDOWS\System32\ADVAPI32.dll
0x00007ffd9e9c0000 - 0x00007ffd9ea5e000 	C:\WINDOWS\System32\msvcrt.dll
0x00007ffd9ed10000 - 0x00007ffd9edac000 	C:\WINDOWS\System32\sechost.dll
0x00007ffd9ea70000 - 0x00007ffd9eb9b000 	C:\WINDOWS\System32\RPCRT4.dll
0x00007ffd9e0a0000 - 0x00007ffd9e240000 	C:\WINDOWS\System32\USER32.dll
0x00007ffd9de60000 - 0x00007ffd9de82000 	C:\WINDOWS\System32\win32u.dll
0x00007ffd9eba0000 - 0x00007ffd9ebca000 	C:\WINDOWS\System32\GDI32.dll
0x00007ffd9dbc0000 - 0x00007ffd9dccb000 	C:\WINDOWS\System32\gdi32full.dll
0x00007ffd9da20000 - 0x00007ffd9dabd000 	C:\WINDOWS\System32\msvcp_win.dll
0x00007ffd9dac0000 - 0x00007ffd9dbc0000 	C:\WINDOWS\System32\ucrtbase.dll
0x00007ffd7ef50000 - 0x00007ffd7f1eb000 	C:\WINDOWS\WinSxS\amd64_microsoft.windows.common-controls_6595b64144ccf1df_6.0.19041.746_none_ca02b4b61b8320a4\COMCTL32.dll
0x00007ffd9fc10000 - 0x00007ffd9fc40000 	C:\WINDOWS\System32\IMM32.DLL
0x00000000721a0000 - 0x0000000072272000 	C:\Program Files\Android\Android Studio\jre\jre\bin\msvcr100.dll
0x0000000072280000 - 0x0000000072acb000 	C:\Program Files\Android\Android Studio\jre\jre\bin\server\jvm.dll
0x00007ffd9fb80000 - 0x00007ffd9fb88000 	C:\WINDOWS\System32\PSAPI.DLL
0x00007ffd97a30000 - 0x00007ffd97a3a000 	C:\WINDOWS\SYSTEM32\VERSION.dll
0x00007ffd94850000 - 0x00007ffd94877000 	C:\WINDOWS\SYSTEM32\WINMM.dll
0x00007ffd85be0000 - 0x00007ffd85be9000 	C:\WINDOWS\SYSTEM32\WSOCK32.dll
0x00007ffd9f3c0000 - 0x00007ffd9f42b000 	C:\WINDOWS\System32\WS2_32.dll
0x00007ffd987e0000 - 0x00007ffd987ef000 	C:\Program Files\Android\Android Studio\jre\jre\bin\verify.dll
0x00007ffd96a20000 - 0x00007ffd96a49000 	C:\Program Files\Android\Android Studio\jre\jre\bin\java.dll
0x00007ffd95e70000 - 0x00007ffd95e86000 	C:\Program Files\Android\Android Studio\jre\jre\bin\zip.dll
0x00007ffd9f430000 - 0x00007ffd9fb73000 	C:\WINDOWS\System32\SHELL32.dll
0x00007ffd9b2c0000 - 0x00007ffd9ba4f000 	C:\WINDOWS\SYSTEM32\windows.storage.dll
0x00007ffd9edb0000 - 0x00007ffd9f106000 	C:\WINDOWS\System32\combase.dll
0x00007ffd9cf00000 - 0x00007ffd9cf2c000 	C:\WINDOWS\SYSTEM32\Wldp.dll
0x00007ffd9f110000 - 0x00007ffd9f1be000 	C:\WINDOWS\System32\SHCORE.dll
0x00007ffd9e240000 - 0x00007ffd9e295000 	C:\WINDOWS\System32\shlwapi.dll
0x00007ffd9d4a0000 - 0x00007ffd9d4c6000 	C:\WINDOWS\SYSTEM32\profapi.dll
0x00007ffd94980000 - 0x00007ffd9499a000 	C:\Program Files\Android\Android Studio\jre\jre\bin\net.dll
0x00007ffd9cc80000 - 0x00007ffd9ccea000 	C:\WINDOWS\system32\mswsock.dll
0x00007ffd8d210000 - 0x00007ffd8d223000 	C:\Program Files\Android\Android Studio\jre\jre\bin\nio.dll
0x00007ffd98800000 - 0x00007ffd98827000 	C:\Users\ASUS\.gradle\native\fdc75f09e3144964f2cf3f50f0aa648679c211496f362492102eb8c894070792\windows-amd64\native-platform.dll
0x00007ffd782b0000 - 0x00007ffd78446000 	C:\Users\ASUS\.gradle\native\12488b8bf47d2d4c9fbf2f6322a914ad602e24e48041cd04a747c6da556b65c4\windows-amd64\native-platform-file-events.dll
0x00007ffd98760000 - 0x00007ffd9876d000 	C:\Program Files\Android\Android Studio\jre\jre\bin\management.dll
0x00007ffd9ce50000 - 0x00007ffd9ce68000 	C:\WINDOWS\SYSTEM32\CRYPTSP.dll
0x00007ffd9c620000 - 0x00007ffd9c654000 	C:\WINDOWS\system32\rsaenh.dll
0x00007ffd9dcd0000 - 0x00007ffd9dcf7000 	C:\WINDOWS\System32\bcrypt.dll
0x00007ffd9d460000 - 0x00007ffd9d48e000 	C:\WINDOWS\SYSTEM32\USERENV.dll
0x00007ffd9d950000 - 0x00007ffd9d9d0000 	C:\WINDOWS\System32\bcryptprimitives.dll
0x00007ffd9ce70000 - 0x00007ffd9ce7c000 	C:\WINDOWS\SYSTEM32\CRYPTBASE.dll
0x00007ffd9c970000 - 0x00007ffd9c9ab000 	C:\WINDOWS\SYSTEM32\IPHLPAPI.DLL
0x00007ffd9ebf0000 - 0x00007ffd9ebf8000 	C:\WINDOWS\System32\NSI.dll
0x00007ffd96120000 - 0x00007ffd96137000 	C:\WINDOWS\SYSTEM32\dhcpcsvc6.DLL
0x00007ffd95e30000 - 0x00007ffd95e4d000 	C:\WINDOWS\SYSTEM32\dhcpcsvc.DLL
0x00007ffd9c9b0000 - 0x00007ffd9ca7b000 	C:\WINDOWS\SYSTEM32\DNSAPI.dll
0x00007ffd96390000 - 0x00007ffd9639b000 	C:\WINDOWS\SYSTEM32\WINNSI.DLL
0x00007ffd78200000 - 0x00007ffd78224000 	C:\Program Files\Android\Android Studio\jre\jre\bin\sunec.dll
0x00007ffd9a7c0000 - 0x00007ffd9a7cb000 	C:\Program Files\Android\Android Studio\jre\jre\bin\sunmscapi.dll
0x00007ffd9dd00000 - 0x00007ffd9de56000 	C:\WINDOWS\System32\CRYPT32.dll
0x00007ffd93740000 - 0x00007ffd9374a000 	C:\Windows\System32\rasadhlp.dll
0x00007ffd93ee0000 - 0x00007ffd93f5f000 	C:\WINDOWS\System32\fwpuclnt.dll
0x00007ffd9c2b0000 - 0x00007ffd9c2e3000 	C:\WINDOWS\SYSTEM32\ntmarta.dll
0x00007ffd9a8f0000 - 0x00007ffd9a980000 	C:\WINDOWS\system32\apphelp.dll

VM Arguments:
jvm_args: -Xmx2048m -Dfile.encoding=UTF-8 -Duser.country=ES -Duser.language=es -Duser.variant 
java_command: org.gradle.launcher.daemon.bootstrap.GradleDaemon 6.8
java_class_path (initial): C:\Users\ASUS\.gradle\wrapper\dists\gradle-6.8-bin\1jblhjyydfkclfzx1agp92nyl\gradle-6.8\lib\gradle-launcher-6.8.jar
Launcher Type: SUN_STANDARD

Environment Variables:
PATH=C:\Program Files (x86)\Common Files\Oracle\Java\javapath;C:\oraclexe\app\oracle\product\11.2.0\server\bin;C:\ProgramData\Oracle\Java\javapath;C:\Program Files (x86)\NVIDIA Corporation\PhysX\Common;C:\WINDOWS\system32;C:\WINDOWS;C:\WINDOWS\System32\Wbem;C:\WINDOWS\System32\WindowsPowerShell\v1.0\;C:\Program Files\Common Files\Autodesk Shared\;C:\Program Files (x86)\Autodesk\Backburner\;C:\Program Files\Microsoft SQL Server\Client SDK\ODBC\110\Tools\Binn\;C:\Program Files (x86)\Microsoft SQL Server\120\Tools\Binn\;C:\Program Files\Microsoft SQL Server\120\Tools\Binn\;C:\Program Files\Microsoft SQL Server\120\DTS\Binn\;C:\Program Files (x86)\Windows Kits\8.1\Windows Performance Toolkit\;C:\WINDOWS\System32\OpenSSH\;C:\Program Files (x86)\Dev-Cpp\MinGW64\bin;C:\Program Files (x86)\Brackets\command;C:\Program Files\NVIDIA Corporation\NVIDIA NvDLISR;C:\Program Files\PuTTY\;C:\WINDOWS\system32;C:\WINDOWS;C:\WINDOWS\System32\Wbem;C:\WINDOWS\System32\WindowsPowerShell\v1.0\;C:\WINDOWS\System32\OpenSSH\;C:\Users\ASUS\AppData\Local\Programs\Python\Python37-32\Scripts\;C:\Users\ASUS\AppData\Local\Programs\Python\Python37-32\;C:\Users\ASUS\AppData\Local\Microsoft\WindowsApps;C:\Users\ASUS\AppData\Local\GitHubDesktop\bin;C:\Users\ASUS\AppData\Local\Programs\Microsoft VS Code\bin
USERNAME=ASUS
OS=Windows_NT
PROCESSOR_IDENTIFIER=Intel64 Family 6 Model 58 Stepping 9, GenuineIntel



---------------  S Y S T E M  ---------------

OS: Windows 10.0 , 64 bit Build 19041 (10.0.19041.662)

CPU:total 4 (initial active 4) (2 cores per cpu, 2 threads per core) family 6 model 58 stepping 9, cmov, cx8, fxsr, mmx, sse, sse2, sse3, ssse3, sse4.1, sse4.2, popcnt, avx, aes, clmul, erms, ht, tsc, tscinvbit, tscinv

Memory: 4k page, physical 8271404k(980524k free), swap 9319980k(4092k free)

vm_info: OpenJDK 64-Bit Server VM (25.242-b01) for windows-amd64 JRE (1.8.0_242-release-1644-b01), built by "builder" with MS VC++ 10.0 (VS2010)

time: Wed Jan 27 19:41:00 2021
timezone: Hora estándar romance
elapsed time: 2465 seconds (0d 0h 41m 5s)

