#
# There is insufficient memory for the Java Runtime Environment to continue.
# Native memory allocation (malloc) failed to allocate 32744 bytes for ChunkPool::allocate
# Possible reasons:
#   The system is out of physical RAM or swap space
#   The process is running with CompressedOops enabled, and the Java Heap may be blocking the growth of the native heap
# Possible solutions:
#   Reduce memory load on the system
#   Increase physical memory or swap space
#   Check if swap backing store is full
#   Decrease Java heap size (-Xmx/-Xms)
#   Decrease number of Java threads
#   Decrease Java thread stack sizes (-Xss)
#   Set larger code cache with -XX:ReservedCodeCacheSize=
#   JVM is running with Unscaled Compressed Oops mode in which the Java heap is
#     placed in the first 4GB address space. The Java Heap base address is the
#     maximum limit for the native heap growth. Please use -XX:HeapBaseMinAddress
#     to set the Java Heap base and to place the Java Heap above 4GB virtual address.
# This output file may be truncated or incomplete.
#
#  Out of Memory Error (allocation.cpp:272), pid=11124, tid=0x0000000000000964
#
# JRE version: OpenJDK Runtime Environment (8.0_242-b01) (build 1.8.0_242-release-1644-b01)
# Java VM: OpenJDK 64-Bit Server VM (25.242-b01 mixed mode windows-amd64 compressed oops)
# Failed to write core dump. Minidumps are not enabled by default on client versions of Windows
#

---------------  T H R E A D  ---------------

Current thread (0x00000000170a5000):  JavaThread "C2 CompilerThread1" daemon [_thread_in_native, id=2404, stack(0x0000000018800000,0x0000000018900000)]

Stack: [0x0000000018800000,0x0000000018900000]
[error occurred during error reporting (printing stack bounds), id 0xc0000005]

Native frames: (J=compiled Java code, j=interpreted, Vv=VM code, C=native code)


Current CompileTask:
C2:  65472 7161       4       java.util.jar.Attributes$Name::isValid (45 bytes)


---------------  P R O C E S S  ---------------

Java Threads: ( => current thread )
  0x000000001b663800 JavaThread "Memory manager" [_thread_blocked, id=3972, stack(0x0000000000870000,0x0000000000970000)]
  0x000000001b657000 JavaThread "jar transforms Thread 112" [_thread_blocked, id=11032, stack(0x0000000029e40000,0x0000000029f40000)]
  0x000000001b65e000 JavaThread "jar transforms Thread 111" [_thread_blocked, id=6848, stack(0x0000000029d40000,0x0000000029e40000)]
  0x000000001b65d000 JavaThread "jar transforms Thread 110" [_thread_blocked, id=5976, stack(0x0000000029c40000,0x0000000029d40000)]
  0x000000001b65b800 JavaThread "jar transforms Thread 109" [_thread_blocked, id=10496, stack(0x0000000029a40000,0x0000000029b40000)]
  0x000000001b65c800 JavaThread "jar transforms Thread 108" [_thread_blocked, id=13192, stack(0x0000000029940000,0x0000000029a40000)]
  0x000000001b654000 JavaThread "jar transforms Thread 107" [_thread_blocked, id=11836, stack(0x0000000029840000,0x0000000029940000)]
  0x000000001b655000 JavaThread "jar transforms Thread 106" [_thread_blocked, id=7484, stack(0x0000000029740000,0x0000000029840000)]
  0x000000001b655800 JavaThread "jar transforms Thread 105" [_thread_blocked, id=1232, stack(0x0000000029640000,0x0000000029740000)]
  0x000000001b65b000 JavaThread "jar transforms Thread 104" [_thread_blocked, id=804, stack(0x0000000029540000,0x0000000029640000)]
  0x000000001b65a000 JavaThread "jar transforms Thread 103" [_thread_blocked, id=10564, stack(0x0000000029440000,0x0000000029540000)]
  0x000000001b658000 JavaThread "jar transforms Thread 102" [_thread_blocked, id=5256, stack(0x0000000029340000,0x0000000029440000)]
  0x000000001b659800 JavaThread "jar transforms Thread 101" [_thread_blocked, id=11100, stack(0x0000000029240000,0x0000000029340000)]
  0x000000001b656800 JavaThread "jar transforms Thread 100" [_thread_blocked, id=3340, stack(0x0000000029140000,0x0000000029240000)]
  0x000000001b658800 JavaThread "jar transforms Thread 99" [_thread_blocked, id=13348, stack(0x0000000029040000,0x0000000029140000)]
  0x0000000018d35800 JavaThread "jar transforms Thread 98" [_thread_blocked, id=5108, stack(0x0000000028f40000,0x0000000029040000)]
  0x0000000018d35000 JavaThread "jar transforms Thread 97" [_thread_blocked, id=4908, stack(0x0000000028e40000,0x0000000028f40000)]
  0x0000000018d34000 JavaThread "jar transforms Thread 96" [_thread_blocked, id=11596, stack(0x0000000028d40000,0x0000000028e40000)]
  0x0000000018d33800 JavaThread "jar transforms Thread 95" [_thread_blocked, id=9496, stack(0x0000000028c40000,0x0000000028d40000)]
  0x0000000018d32000 JavaThread "jar transforms Thread 94" [_thread_blocked, id=1256, stack(0x0000000027240000,0x0000000027340000)]
  0x0000000018d31000 JavaThread "jar transforms Thread 93" [_thread_blocked, id=12152, stack(0x0000000027140000,0x0000000027240000)]
  0x0000000018d32800 JavaThread "jar transforms Thread 92" [_thread_blocked, id=10792, stack(0x0000000027040000,0x0000000027140000)]
  0x0000000018d30800 JavaThread "jar transforms Thread 91" [_thread_blocked, id=9536, stack(0x0000000026f40000,0x0000000027040000)]
  0x0000000018d28800 JavaThread "jar transforms Thread 90" [_thread_blocked, id=10544, stack(0x0000000028b40000,0x0000000028c40000)]
  0x0000000018d2f800 JavaThread "jar transforms Thread 89" [_thread_blocked, id=9552, stack(0x0000000028a40000,0x0000000028b40000)]
  0x0000000018d2f000 JavaThread "jar transforms Thread 88" [_thread_blocked, id=8444, stack(0x0000000028940000,0x0000000028a40000)]
  0x0000000018d29800 JavaThread "jar transforms Thread 87" [_thread_blocked, id=6972, stack(0x0000000028840000,0x0000000028940000)]
  0x0000000018d2e000 JavaThread "jar transforms Thread 86" [_thread_blocked, id=12964, stack(0x0000000028740000,0x0000000028840000)]
  0x0000000018d2b800 JavaThread "jar transforms Thread 85" [_thread_blocked, id=2272, stack(0x0000000028640000,0x0000000028740000)]
  0x0000000018d2b000 JavaThread "jar transforms Thread 84" [_thread_blocked, id=11304, stack(0x0000000028540000,0x0000000028640000)]
  0x0000000018d2c800 JavaThread "jar transforms Thread 83" [_thread_blocked, id=8536, stack(0x0000000028440000,0x0000000028540000)]
  0x0000000018d28000 JavaThread "jar transforms Thread 82" [_thread_blocked, id=12272, stack(0x0000000028340000,0x0000000028440000)]
  0x0000000018d2a000 JavaThread "jar transforms Thread 81" [_thread_blocked, id=11280, stack(0x0000000028240000,0x0000000028340000)]
  0x0000000018d2d000 JavaThread "jar transforms Thread 80" [_thread_blocked, id=14160, stack(0x0000000028140000,0x0000000028240000)]
  0x0000000018d27000 JavaThread "jar transforms Thread 79" [_thread_blocked, id=12536, stack(0x0000000028040000,0x0000000028140000)]
  0x0000000018d26800 JavaThread "jar transforms Thread 78" [_thread_blocked, id=9292, stack(0x0000000027f40000,0x0000000028040000)]
  0x000000001d730000 JavaThread "jar transforms Thread 77" [_thread_blocked, id=9048, stack(0x0000000027e40000,0x0000000027f40000)]
  0x000000001d731000 JavaThread "jar transforms Thread 76" [_thread_blocked, id=1008, stack(0x0000000027d40000,0x0000000027e40000)]
  0x000000001d72f800 JavaThread "jar transforms Thread 75" [_thread_blocked, id=9068, stack(0x0000000027c40000,0x0000000027d40000)]
  0x000000001d72e800 JavaThread "jar transforms Thread 74" [_thread_blocked, id=4356, stack(0x0000000027b40000,0x0000000027c40000)]
  0x000000001d72e000 JavaThread "jar transforms Thread 73" [_thread_blocked, id=3448, stack(0x0000000027a40000,0x0000000027b40000)]
  0x000000001d732800 JavaThread "jar transforms Thread 72" [_thread_blocked, id=8792, stack(0x0000000027940000,0x0000000027a40000)]
  0x000000001d731800 JavaThread "jar transforms Thread 71" [_thread_blocked, id=3960, stack(0x0000000027840000,0x0000000027940000)]
  0x000000001d733000 JavaThread "jar transforms Thread 70" [_thread_blocked, id=10400, stack(0x0000000027740000,0x0000000027840000)]
  0x000000001d726800 JavaThread "jar transforms Thread 69" [_thread_blocked, id=1236, stack(0x0000000027640000,0x0000000027740000)]
  0x000000001d72d000 JavaThread "jar transforms Thread 68" [_thread_blocked, id=13080, stack(0x0000000027540000,0x0000000027640000)]
  0x000000001d72c800 JavaThread "jar transforms Thread 67" [_thread_blocked, id=8060, stack(0x0000000027440000,0x0000000027540000)]
  0x000000001d725800 JavaThread "jar transforms Thread 66" [_thread_blocked, id=7860, stack(0x0000000027340000,0x0000000027440000)]
  0x000000001d727000 JavaThread "jar transforms Thread 65" [_thread_blocked, id=12848, stack(0x0000000026e40000,0x0000000026f40000)]
  0x000000001d724800 JavaThread "jar transforms Thread 64" [_thread_blocked, id=9960, stack(0x0000000026d40000,0x0000000026e40000)]
  0x000000001d72b800 JavaThread "jar transforms Thread 63" [_thread_blocked, id=8928, stack(0x0000000026c40000,0x0000000026d40000)]
  0x000000001d728800 JavaThread "jar transforms Thread 62" [_thread_blocked, id=13480, stack(0x0000000026b40000,0x0000000026c40000)]
  0x000000001d724000 JavaThread "jar transforms Thread 61" [_thread_blocked, id=11172, stack(0x0000000026a40000,0x0000000026b40000)]
  0x000000001d72b000 JavaThread "jar transforms Thread 60" [_thread_blocked, id=10012, stack(0x0000000026940000,0x0000000026a40000)]
  0x000000001d72a000 JavaThread "jar transforms Thread 59" [_thread_blocked, id=6188, stack(0x0000000026840000,0x0000000026940000)]
  0x000000001d728000 JavaThread "jar transforms Thread 58" [_thread_blocked, id=3648, stack(0x0000000026740000,0x0000000026840000)]
  0x000000001d729800 JavaThread "jar transforms Thread 57" [_thread_blocked, id=9988, stack(0x0000000026640000,0x0000000026740000)]
  0x000000001d3c3800 JavaThread "jar transforms Thread 56" [_thread_blocked, id=10880, stack(0x0000000026540000,0x0000000026640000)]
  0x000000001d3c3000 JavaThread "jar transforms Thread 55" [_thread_blocked, id=1560, stack(0x0000000026440000,0x0000000026540000)]
  0x000000001d3c5000 JavaThread "jar transforms Thread 54" [_thread_blocked, id=13752, stack(0x0000000026340000,0x0000000026440000)]
  0x000000001d3c4800 JavaThread "jar transforms Thread 53" [_thread_blocked, id=13388, stack(0x0000000026240000,0x0000000026340000)]
  0x000000001d3bb800 JavaThread "jar transforms Thread 52" [_thread_blocked, id=12196, stack(0x0000000026140000,0x0000000026240000)]
  0x000000001d3c2000 JavaThread "jar transforms Thread 51" [_thread_blocked, id=192, stack(0x0000000026040000,0x0000000026140000)]
  0x000000001d3c1800 JavaThread "jar transforms Thread 50" [_thread_blocked, id=11384, stack(0x0000000025f40000,0x0000000026040000)]
  0x000000001d3c0800 JavaThread "jar transforms Thread 49" [_thread_blocked, id=2152, stack(0x0000000025e40000,0x0000000025f40000)]
  0x000000001d3c0000 JavaThread "jar transforms Thread 48" [_thread_blocked, id=10980, stack(0x0000000025d40000,0x0000000025e40000)]
  0x000000001d3bf000 JavaThread "jar transforms Thread 47" [_thread_blocked, id=2460, stack(0x0000000025c40000,0x0000000025d40000)]
  0x000000001d3bd800 JavaThread "jar transforms Thread 46" [_thread_blocked, id=6856, stack(0x0000000025b40000,0x0000000025c40000)]
  0x000000001d3be800 JavaThread "jar transforms Thread 45" [_thread_blocked, id=7908, stack(0x0000000025a40000,0x0000000025b40000)]
  0x000000001d3b6000 JavaThread "jar transforms Thread 44" [_thread_blocked, id=13724, stack(0x0000000025940000,0x0000000025a40000)]
  0x000000001d3bc000 JavaThread "jar transforms Thread 43" [_thread_blocked, id=5400, stack(0x0000000025840000,0x0000000025940000)]
  0x000000001d3ba800 JavaThread "jar transforms Thread 42" [_thread_blocked, id=4656, stack(0x0000000025740000,0x0000000025840000)]
  0x000000001d3bd000 JavaThread "jar transforms Thread 41" [_thread_blocked, id=7912, stack(0x0000000025640000,0x0000000025740000)]
  0x000000001d3ba000 JavaThread "jar transforms Thread 40" [_thread_blocked, id=8464, stack(0x0000000025540000,0x0000000025640000)]
  0x000000001d3b9000 JavaThread "jar transforms Thread 39" [_thread_blocked, id=8180, stack(0x0000000025440000,0x0000000025540000)]
  0x000000001d3b8800 JavaThread "jar transforms Thread 38" [_thread_blocked, id=2600, stack(0x0000000025340000,0x0000000025440000)]
  0x000000001d3b7000 JavaThread "jar transforms Thread 37" [_thread_blocked, id=1192, stack(0x0000000025240000,0x0000000025340000)]
  0x000000001d3b7800 JavaThread "jar transforms Thread 36" [_thread_blocked, id=10040, stack(0x0000000025140000,0x0000000025240000)]
  0x000000001a7d5800 JavaThread "jar transforms Thread 35" [_thread_blocked, id=2628, stack(0x0000000025040000,0x0000000025140000)]
  0x000000001a7d1800 JavaThread "jar transforms Thread 34" [_thread_blocked, id=308, stack(0x0000000024f40000,0x0000000025040000)]
  0x000000001a7d7000 JavaThread "jar transforms Thread 33" [_thread_blocked, id=11688, stack(0x0000000024e40000,0x0000000024f40000)]
  0x000000001a7d1000 JavaThread "jar transforms Thread 32" [_thread_blocked, id=13720, stack(0x0000000024d40000,0x0000000024e40000)]
  0x000000001a7d4800 JavaThread "jar transforms Thread 31" [_thread_blocked, id=9140, stack(0x0000000024c40000,0x0000000024d40000)]
  0x000000001a7cf800 JavaThread "jar transforms Thread 30" [_thread_blocked, id=10136, stack(0x0000000024b40000,0x0000000024c40000)]
  0x000000001a7d3000 JavaThread "jar transforms Thread 29" [_thread_blocked, id=9840, stack(0x0000000024a40000,0x0000000024b40000)]
  0x000000001a7d2800 JavaThread "jar transforms Thread 28" [_thread_blocked, id=13680, stack(0x0000000024940000,0x0000000024a40000)]
  0x000000001a7d4000 JavaThread "jar transforms Thread 27" [_thread_blocked, id=4576, stack(0x0000000024840000,0x0000000024940000)]
  0x000000001a7d0000 JavaThread "jar transforms Thread 26" [_thread_blocked, id=8328, stack(0x0000000024740000,0x0000000024840000)]
  0x000000001a7d6000 JavaThread "jar transforms Thread 25" [_thread_blocked, id=6916, stack(0x0000000024640000,0x0000000024740000)]
  0x000000001a7c8000 JavaThread "jar transforms Thread 24" [_thread_blocked, id=7684, stack(0x0000000024540000,0x0000000024640000)]
  0x000000001a7cd000 JavaThread "jar transforms Thread 23" [_thread_blocked, id=7412, stack(0x0000000024440000,0x0000000024540000)]
  0x000000001a7ca000 JavaThread "jar transforms Thread 22" [_thread_blocked, id=11792, stack(0x0000000024140000,0x0000000024240000)]
  0x000000001a7cb800 JavaThread "jar transforms Thread 21" [_thread_blocked, id=9956, stack(0x0000000024040000,0x0000000024140000)]
  0x000000001a7ce000 JavaThread "jar transforms Thread 20" [_thread_blocked, id=13460, stack(0x0000000023f40000,0x0000000024040000)]
  0x000000001a7cb000 JavaThread "jar transforms Thread 19" [_thread_blocked, id=4524, stack(0x0000000023e40000,0x0000000023f40000)]
  0x000000001a7c9800 JavaThread "jar transforms Thread 18" [_thread_blocked, id=1632, stack(0x0000000023d40000,0x0000000023e40000)]
  0x000000001a7c8800 JavaThread "jar transforms Thread 17" [_thread_blocked, id=6448, stack(0x0000000023c40000,0x0000000023d40000)]
  0x000000001a7ce800 JavaThread "jar transforms Thread 16" [_thread_blocked, id=13228, stack(0x0000000023b40000,0x0000000023c40000)]
  0x000000001a7cc800 JavaThread "jar transforms Thread 15" [_thread_blocked, id=1040, stack(0x0000000023a40000,0x0000000023b40000)]
  0x000000001a3ea000 JavaThread "jar transforms Thread 14" [_thread_blocked, id=10716, stack(0x0000000023940000,0x0000000023a40000)]
  0x000000001a3e5000 JavaThread "jar transforms Thread 13" [_thread_blocked, id=5636, stack(0x0000000023840000,0x0000000023940000)]
  0x000000001a3e5800 JavaThread "jar transforms Thread 12" [_thread_blocked, id=4448, stack(0x0000000023740000,0x0000000023840000)]
  0x000000001a3e9800 JavaThread "jar transforms Thread 11" [_thread_blocked, id=14264, stack(0x0000000023640000,0x0000000023740000)]
  0x000000001a3e8800 JavaThread "jar transforms Thread 10" [_thread_blocked, id=3664, stack(0x0000000023540000,0x0000000023640000)]
  0x000000001a3e8000 JavaThread "jar transforms Thread 9" [_thread_blocked, id=6008, stack(0x0000000023440000,0x0000000023540000)]
  0x000000001a3e6800 JavaThread "jar transforms Thread 8" [_thread_blocked, id=10080, stack(0x0000000023340000,0x0000000023440000)]
  0x000000001a3e7000 JavaThread "jar transforms Thread 7" [_thread_blocked, id=11744, stack(0x0000000023240000,0x0000000023340000)]
  0x000000001a3dd800 JavaThread "jar transforms Thread 6" [_thread_blocked, id=5728, stack(0x0000000023140000,0x0000000023240000)]
  0x000000001a3e4000 JavaThread "jar transforms Thread 5" [_thread_blocked, id=3880, stack(0x0000000023040000,0x0000000023140000)]
  0x000000001a3de000 JavaThread "jar transforms Thread 4" [_thread_blocked, id=14016, stack(0x0000000022f40000,0x0000000023040000)]
  0x000000001a3e3800 JavaThread "jar transforms Thread 3" [_thread_blocked, id=10144, stack(0x0000000022e40000,0x0000000022f40000)]
  0x000000001a3dc000 JavaThread "jar transforms Thread 2" [_thread_blocked, id=14236, stack(0x0000000022d40000,0x0000000022e40000)]
  0x000000001a3df000 JavaThread "Build operations Thread 4" [_thread_blocked, id=10948, stack(0x0000000022c40000,0x0000000022d40000)]
  0x000000001a3e2800 JavaThread "Build operations Thread 3" [_thread_blocked, id=7712, stack(0x00000000223d0000,0x00000000224d0000)]
  0x000000001a3dc800 JavaThread "Build operations Thread 2" [_thread_blocked, id=13392, stack(0x00000000222d0000,0x00000000223d0000)]
  0x000000001a3db000 JavaThread "Build operations" [_thread_blocked, id=6388, stack(0x00000000221d0000,0x00000000222d0000)]
  0x000000001a3e2000 JavaThread "Cache worker for Build Output Cleanup Cache (C:\Users\ASUS\Documents\GitHub\spindie\.gradle\buildOutputCleanup)" [_thread_blocked, id=7232, stack(0x0000000021ed0000,0x0000000021fd0000)]
  0x000000001b4cc000 JavaThread "Cache worker for file content cache (C:\Users\ASUS\.gradle\caches\6.8\fileContent)" [_thread_blocked, id=4556, stack(0x00000000215d0000,0x00000000216d0000)]
  0x000000001b4d2000 JavaThread "jar transforms" [_thread_blocked, id=5712, stack(0x00000000214d0000,0x00000000215d0000)]
  0x000000001b4ce000 JavaThread "Cache worker for execution history cache (C:\Users\ASUS\.gradle\caches\6.8\executionHistory)" [_thread_blocked, id=6724, stack(0x000000001fb20000,0x000000001fc20000)]
  0x000000001b4d1000 JavaThread "Cache worker for cache directory md-rule (C:\Users\ASUS\.gradle\caches\6.8\md-rule)" [_thread_blocked, id=4732, stack(0x000000001fa20000,0x000000001fb20000)]
  0x000000001b4cf000 JavaThread "Cache worker for cache directory md-supplier (C:\Users\ASUS\.gradle\caches\6.8\md-supplier)" [_thread_blocked, id=12008, stack(0x000000001f920000,0x000000001fa20000)]
  0x000000001b4cd800 JavaThread "Cache worker for checksums cache (C:\Users\ASUS\Documents\GitHub\spindie\.gradle\checksums)" [_thread_blocked, id=7728, stack(0x000000001f820000,0x000000001f920000)]
  0x000000001b4d0800 JavaThread "Cache worker for file hash cache (C:\Users\ASUS\Documents\GitHub\spindie\.gradle\6.8\fileHashes)" [_thread_blocked, id=10052, stack(0x000000001f520000,0x000000001f620000)]
  0x000000001b4cc800 JavaThread "Cache worker for journal cache (C:\Users\ASUS\.gradle\caches\journal-1)" [_thread_blocked, id=12260, stack(0x000000001dfe0000,0x000000001e0e0000)]
  0x000000001b4cf800 JavaThread "File lock request listener" [_thread_in_native, id=8720, stack(0x000000001e120000,0x000000001e220000)]
  0x000000001d138800 JavaThread "Cache worker for file hash cache (C:\Users\ASUS\.gradle\caches\6.8\fileHashes)" [_thread_blocked, id=8040, stack(0x000000001dee0000,0x000000001dfe0000)]
  0x00000000193db000 JavaThread "Daemon client event forwarder" [_thread_blocked, id=13996, stack(0x000000001cc10000,0x000000001cd10000)]
  0x000000001939e800 JavaThread "Asynchronous log dispatcher for DefaultDaemonConnection: socket connection from /127.0.0.1:58148 to /127.0.0.1:58149" [_thread_blocked, id=2872, stack(0x000000001ca10000,0x000000001cb10000)]
  0x000000001939c800 JavaThread "Daemon worker" [_thread_in_native, id=8348, stack(0x000000001c910000,0x000000001ca10000)]
  0x000000001939b800 JavaThread "Cancel handler" [_thread_blocked, id=2052, stack(0x000000001c810000,0x000000001c910000)]
  0x000000001af0e000 JavaThread "Handler for socket connection from /127.0.0.1:58148 to /127.0.0.1:58149" [_thread_in_native, id=5884, stack(0x000000001c710000,0x000000001c810000)]
  0x000000001af0b000 JavaThread "Daemon" [_thread_blocked, id=12188, stack(0x000000001c610000,0x000000001c710000)]
  0x000000001aefe800 JavaThread "Daemon periodic checks" [_thread_blocked, id=1500, stack(0x000000001c310000,0x000000001c410000)]
  0x000000001aea1000 JavaThread "Incoming local TCP Connector on port 58148" [_thread_in_native, id=2260, stack(0x000000001c0a0000,0x000000001c1a0000)]
  0x0000000018dc7000 JavaThread "Daemon health stats" [_thread_blocked, id=12632, stack(0x000000001ba60000,0x000000001bb60000)]
  0x0000000018a38800 JavaThread "Service Thread" daemon [_thread_blocked, id=5444, stack(0x0000000018e00000,0x0000000018f00000)]
  0x00000000170aa000 JavaThread "C1 CompilerThread2" daemon [_thread_in_vm, id=1868, stack(0x0000000018900000,0x0000000018a00000)]
=>0x00000000170a5000 JavaThread "C2 CompilerThread1" daemon [_thread_in_native, id=2404, stack(0x0000000018800000,0x0000000018900000)]
  0x0000000017095000 JavaThread "C2 CompilerThread0" daemon [_thread_in_native, id=11848, stack(0x0000000018700000,0x0000000018800000)]
  0x0000000017092800 JavaThread "Attach Listener" daemon [_thread_blocked, id=12852, stack(0x0000000018600000,0x0000000018700000)]
  0x0000000017099000 JavaThread "Signal Dispatcher" daemon [_thread_blocked, id=10824, stack(0x0000000018500000,0x0000000018600000)]
  0x000000000246d000 JavaThread "Finalizer" daemon [_thread_blocked, id=6452, stack(0x00000000182e0000,0x00000000183e0000)]
  0x0000000017079000 JavaThread "Reference Handler" daemon [_thread_blocked, id=5632, stack(0x00000000181e0000,0x00000000182e0000)]
  0x0000000002372800 JavaThread "main" [_thread_blocked, id=12528, stack(0x0000000002270000,0x0000000002370000)]

Other Threads:
  0x0000000017056800 VMThread [stack: 0x00000000180e0000,0x00000000181e0000] [id=7640]
  0x00000000170ed000 WatcherThread [stack: 0x0000000018f00000,0x0000000019000000] [id=14228]

VM state:not at safepoint (normal execution)

VM Mutex/Monitor currently owned by a thread: None

heap address: 0x0000000080000000, size: 2048 MB, Compressed Oops mode: 32-bit
Narrow klass base: 0x0000000000000000, Narrow klass shift: 3
Compressed class space size: 1073741824 Address: 0x0000000100000000

Heap:
 PSYoungGen      total 355840K, used 7561K [0x00000000d5580000, 0x00000000ec400000, 0x0000000100000000)
  eden space 337920K, 2% used [0x00000000d5580000,0x00000000d5ce2750,0x00000000e9f80000)
  from space 17920K, 0% used [0x00000000ea100000,0x00000000ea100000,0x00000000eb280000)
  to   space 11776K, 0% used [0x00000000eb880000,0x00000000eb880000,0x00000000ec400000)
 ParOldGen       total 98816K, used 30661K [0x0000000080000000, 0x0000000086080000, 0x00000000d5580000)
  object space 98816K, 31% used [0x0000000080000000,0x0000000081df1780,0x0000000086080000)
 Metaspace       used 56967K, capacity 59206K, committed 59736K, reserved 1101824K
  class space    used 7359K, capacity 7780K, committed 7936K, reserved 1048576K

Card table byte_map: [0x0000000011830000,0x0000000011c40000] byte_map_base: 0x0000000011430000

Marking Bits: (ParMarkBitMap*) 0x000000005bc5f030
 Begin Bits: [0x00000000122f0000, 0x00000000142f0000)
 End Bits:   [0x00000000142f0000, 0x00000000162f0000)

Polling page: 0x0000000000540000

CodeCache: size=245760Kb used=21982Kb max_used=22441Kb free=223777Kb
 bounds [0x0000000002470000, 0x0000000003a80000, 0x0000000011470000]
 total_blobs=6904 nmethods=6077 adapters=740
 compilation: enabled

Compilation events (10 events):
Event: 65.423 Thread 0x00000000170a5000 nmethod 7157 0x0000000003646190 code [0x00000000036462c0, 0x0000000003646378]
Event: 65.424 Thread 0x00000000170aa000 7159       3       java.util.jar.Manifest::read (328 bytes)
Event: 65.426 Thread 0x00000000170a5000 7160       4       java.util.HashMap::<init> (98 bytes)
Event: 65.427 Thread 0x00000000170aa000 nmethod 7159 0x000000000365acd0 code [0x000000000365b060, 0x000000000365cad8]
Event: 65.428 Thread 0x00000000170a5000 nmethod 7160 0x0000000003631490 code [0x00000000036315e0, 0x0000000003631778]
Event: 65.432 Thread 0x00000000170a5000 7161       4       java.util.jar.Attributes$Name::isValid (45 bytes)
Event: 65.436 Thread 0x00000000170aa000 7163   !   3       java.util.Collections$SynchronizedMap::put (28 bytes)
Event: 65.437 Thread 0x00000000170aa000 nmethod 7163 0x0000000002b94850 code [0x0000000002b949c0, 0x0000000002b94d68]
Event: 65.438 Thread 0x00000000170aa000 7165       3       sun.security.util.BitArray::<init> (106 bytes)
Event: 65.439 Thread 0x00000000170aa000 nmethod 7165 0x000000000361b090 code [0x000000000361b240, 0x000000000361b808]

GC Heap History (10 events):
Event: 43.797 GC heap before
{Heap before GC invocations=14 (full 2):
 PSYoungGen      total 243712K, used 238462K [0x00000000d5580000, 0x00000000e8580000, 0x0000000100000000)
  eden space 227328K, 100% used [0x00000000d5580000,0x00000000e3380000,0x00000000e3380000)
  from space 16384K, 67% used [0x00000000e3380000,0x00000000e3e5faa0,0x00000000e4380000)
  to   space 16384K, 0% used [0x00000000e7580000,0x00000000e7580000,0x00000000e8580000)
 ParOldGen       total 98816K, used 20596K [0x0000000080000000, 0x0000000086080000, 0x00000000d5580000)
  object space 98816K, 20% used [0x0000000080000000,0x000000008141d058,0x0000000086080000)
 Metaspace       used 48044K, capacity 49884K, committed 50176K, reserved 1093632K
  class space    used 6246K, capacity 6612K, committed 6656K, reserved 1048576K
Event: 43.826 GC heap after
Heap after GC invocations=14 (full 2):
 PSYoungGen      total 294400K, used 12674K [0x00000000d5580000, 0x00000000e8b00000, 0x0000000100000000)
  eden space 278016K, 0% used [0x00000000d5580000,0x00000000d5580000,0x00000000e6500000)
  from space 16384K, 77% used [0x00000000e7580000,0x00000000e81e0ad0,0x00000000e8580000)
  to   space 16896K, 0% used [0x00000000e6500000,0x00000000e6500000,0x00000000e7580000)
 ParOldGen       total 98816K, used 20604K [0x0000000080000000, 0x0000000086080000, 0x00000000d5580000)
  object space 98816K, 20% used [0x0000000080000000,0x000000008141f058,0x0000000086080000)
 Metaspace       used 48044K, capacity 49884K, committed 50176K, reserved 1093632K
  class space    used 6246K, capacity 6612K, committed 6656K, reserved 1048576K
}
Event: 46.421 GC heap before
{Heap before GC invocations=15 (full 2):
 PSYoungGen      total 294400K, used 290690K [0x00000000d5580000, 0x00000000e8b00000, 0x0000000100000000)
  eden space 278016K, 100% used [0x00000000d5580000,0x00000000e6500000,0x00000000e6500000)
  from space 16384K, 77% used [0x00000000e7580000,0x00000000e81e0ad0,0x00000000e8580000)
  to   space 16896K, 0% used [0x00000000e6500000,0x00000000e6500000,0x00000000e7580000)
 ParOldGen       total 98816K, used 20604K [0x0000000080000000, 0x0000000086080000, 0x00000000d5580000)
  object space 98816K, 20% used [0x0000000080000000,0x000000008141f058,0x0000000086080000)
 Metaspace       used 48052K, capacity 49948K, committed 50176K, reserved 1093632K
  class space    used 6246K, capacity 6612K, committed 6656K, reserved 1048576K
Event: 46.447 GC heap after
Heap after GC invocations=15 (full 2):
 PSYoungGen      total 294912K, used 14846K [0x00000000d5580000, 0x00000000eca80000, 0x0000000100000000)
  eden space 278016K, 0% used [0x00000000d5580000,0x00000000d5580000,0x00000000e6500000)
  from space 16896K, 87% used [0x00000000e6500000,0x00000000e737fab0,0x00000000e7580000)
  to   space 18432K, 0% used [0x00000000eb880000,0x00000000eb880000,0x00000000eca80000)
 ParOldGen       total 98816K, used 20612K [0x0000000080000000, 0x0000000086080000, 0x00000000d5580000)
  object space 98816K, 20% used [0x0000000080000000,0x0000000081421058,0x0000000086080000)
 Metaspace       used 48052K, capacity 49948K, committed 50176K, reserved 1093632K
  class space    used 6246K, capacity 6612K, committed 6656K, reserved 1048576K
}
Event: 53.303 GC heap before
{Heap before GC invocations=16 (full 2):
 PSYoungGen      total 294912K, used 292862K [0x00000000d5580000, 0x00000000eca80000, 0x0000000100000000)
  eden space 278016K, 100% used [0x00000000d5580000,0x00000000e6500000,0x00000000e6500000)
  from space 16896K, 87% used [0x00000000e6500000,0x00000000e737fab0,0x00000000e7580000)
  to   space 18432K, 0% used [0x00000000eb880000,0x00000000eb880000,0x00000000eca80000)
 ParOldGen       total 98816K, used 20612K [0x0000000080000000, 0x0000000086080000, 0x00000000d5580000)
  object space 98816K, 20% used [0x0000000080000000,0x0000000081421058,0x0000000086080000)
 Metaspace       used 48290K, capacity 50206K, committed 50432K, reserved 1093632K
  class space    used 6271K, capacity 6625K, committed 6656K, reserved 1048576K
Event: 53.326 GC heap after
Heap after GC invocations=16 (full 2):
 PSYoungGen      total 349696K, used 11303K [0x00000000d5580000, 0x00000000ec400000, 0x0000000100000000)
  eden space 337920K, 0% used [0x00000000d5580000,0x00000000d5580000,0x00000000e9f80000)
  from space 11776K, 95% used [0x00000000eb880000,0x00000000ec389d18,0x00000000ec400000)
  to   space 17920K, 0% used [0x00000000ea100000,0x00000000ea100000,0x00000000eb280000)
 ParOldGen       total 98816K, used 20620K [0x0000000080000000, 0x0000000086080000, 0x00000000d5580000)
  object space 98816K, 20% used [0x0000000080000000,0x0000000081423058,0x0000000086080000)
 Metaspace       used 48290K, capacity 50206K, committed 50432K, reserved 1093632K
  class space    used 6271K, capacity 6625K, committed 6656K, reserved 1048576K
}
Event: 64.936 GC heap before
{Heap before GC invocations=17 (full 2):
 PSYoungGen      total 349696K, used 210175K [0x00000000d5580000, 0x00000000ec400000, 0x0000000100000000)
  eden space 337920K, 58% used [0x00000000d5580000,0x00000000e17b61a0,0x00000000e9f80000)
  from space 11776K, 95% used [0x00000000eb880000,0x00000000ec389d18,0x00000000ec400000)
  to   space 17920K, 0% used [0x00000000ea100000,0x00000000ea100000,0x00000000eb280000)
 ParOldGen       total 98816K, used 20620K [0x0000000080000000, 0x0000000086080000, 0x00000000d5580000)
  object space 98816K, 20% used [0x0000000080000000,0x0000000081423058,0x0000000086080000)
 Metaspace       used 56796K, capacity 59042K, committed 59096K, reserved 1101824K
  class space    used 7348K, capacity 7790K, committed 7808K, reserved 1048576K
Event: 64.973 GC heap after
Heap after GC invocations=17 (full 2):
 PSYoungGen      total 355840K, used 17909K [0x00000000d5580000, 0x00000000ec400000, 0x0000000100000000)
  eden space 337920K, 0% used [0x00000000d5580000,0x00000000d5580000,0x00000000e9f80000)
  from space 17920K, 99% used [0x00000000ea100000,0x00000000eb27d4c8,0x00000000eb280000)
  to   space 11776K, 0% used [0x00000000eb880000,0x00000000eb880000,0x00000000ec400000)
 ParOldGen       total 98816K, used 22162K [0x0000000080000000, 0x0000000086080000, 0x00000000d5580000)
  object space 98816K, 22% used [0x0000000080000000,0x00000000815a48e0,0x0000000086080000)
 Metaspace       used 56796K, capacity 59042K, committed 59096K, reserved 1101824K
  class space    used 7348K, capacity 7790K, committed 7808K, reserved 1048576K
}
Event: 64.973 GC heap before
{Heap before GC invocations=18 (full 3):
 PSYoungGen      total 355840K, used 17909K [0x00000000d5580000, 0x00000000ec400000, 0x0000000100000000)
  eden space 337920K, 0% used [0x00000000d5580000,0x00000000d5580000,0x00000000e9f80000)
  from space 17920K, 99% used [0x00000000ea100000,0x00000000eb27d4c8,0x00000000eb280000)
  to   space 11776K, 0% used [0x00000000eb880000,0x00000000eb880000,0x00000000ec400000)
 ParOldGen       total 98816K, used 22162K [0x0000000080000000, 0x0000000086080000, 0x00000000d5580000)
  object space 98816K, 22% used [0x0000000080000000,0x00000000815a48e0,0x0000000086080000)
 Metaspace       used 56796K, capacity 59042K, committed 59096K, reserved 1101824K
  class space    used 7348K, capacity 7790K, committed 7808K, reserved 1048576K
Event: 65.250 GC heap after
Heap after GC invocations=18 (full 3):
 PSYoungGen      total 355840K, used 0K [0x00000000d5580000, 0x00000000ec400000, 0x0000000100000000)
  eden space 337920K, 0% used [0x00000000d5580000,0x00000000d5580000,0x00000000e9f80000)
  from space 17920K, 0% used [0x00000000ea100000,0x00000000ea100000,0x00000000eb280000)
  to   space 11776K, 0% used [0x00000000eb880000,0x00000000eb880000,0x00000000ec400000)
 ParOldGen       total 98816K, used 30661K [0x0000000080000000, 0x0000000086080000, 0x00000000d5580000)
  object space 98816K, 31% used [0x0000000080000000,0x0000000081df1780,0x0000000086080000)
 Metaspace       used 56710K, capacity 58854K, committed 59096K, reserved 1101824K
  class space    used 7321K, capacity 7748K, committed 7808K, reserved 1048576K
}

Deoptimization events (10 events):
Event: 62.890 Thread 0x000000001939c800 Uncommon trap: reason=class_check action=maybe_recompile pc=0x0000000002866b48 method=java.util.Collections$UnmodifiableCollection.contains(Ljava/lang/Object;)Z @ 5
Event: 62.910 Thread 0x000000001939c800 Uncommon trap: reason=class_check action=maybe_recompile pc=0x0000000002866b48 method=java.util.Collections$UnmodifiableCollection.contains(Ljava/lang/Object;)Z @ 5
Event: 63.834 Thread 0x000000001939c800 Uncommon trap: reason=unstable_if action=reinterpret pc=0x0000000003614058 method=org.objectweb.asm.MethodWriter.visitFrame(II[Ljava/lang/Object;I[Ljava/lang/Object;)V @ 123
Event: 64.404 Thread 0x000000001939c800 Uncommon trap: reason=bimorphic action=maybe_recompile pc=0x00000000033f7c48 method=java.util.Formatter$FormatSpecifier.printString(Ljava/lang/Object;Ljava/util/Locale;)V @ 98
Event: 64.407 Thread 0x000000001939c800 Uncommon trap: reason=bimorphic action=maybe_recompile pc=0x00000000033f7c48 method=java.util.Formatter$FormatSpecifier.printString(Ljava/lang/Object;Ljava/util/Locale;)V @ 98
Event: 64.473 Thread 0x000000001939c800 Uncommon trap: reason=unstable_if action=reinterpret pc=0x0000000002a0922c method=java.security.CodeSource.hashCode()I @ 4
Event: 64.473 Thread 0x000000001939c800 Uncommon trap: reason=unstable_if action=reinterpret pc=0x0000000002e59a0c method=java.security.CodeSource.hashCode()I @ 4
Event: 65.367 Thread 0x000000001939c800 Uncommon trap: reason=unstable_if action=reinterpret pc=0x00000000030259dc method=java.util.jar.JarFile.maybeInstantiateVerifier()V @ 75
Event: 65.368 Thread 0x000000001939c800 Uncommon trap: reason=unstable_if action=reinterpret pc=0x000000000286bf0c method=java.util.jar.Attributes$Name.isDigit(C)Z @ 3
Event: 65.395 Thread 0x000000001939c800 Uncommon trap: reason=unstable_if action=reinterpret pc=0x0000000003130d80 method=java.lang.ThreadLocal.get()Ljava/lang/Object; @ 11

Classes redefined (0 events):
No events

Internal exceptions (10 events):
Event: 59.456 Thread 0x000000001939c800 Exception <a 'java/lang/ClassNotFoundException': build_73knjf0bsuriy3v9ntk41xov0BeanInfo> (0x00000000dd481e48) thrown at [C:\src\AOSP-openjdk-git\hotspot\src\share\vm\classfile\systemDictionary.cpp, line 210]
Event: 59.457 Thread 0x000000001939c800 Exception <a 'java/lang/ClassNotFoundException': build_73knjf0bsuriy3v9ntk41xov0Customizer> (0x00000000dd48e8f8) thrown at [C:\src\AOSP-openjdk-git\hotspot\src\share\vm\classfile\systemDictionary.cpp, line 210]
Event: 59.478 Thread 0x000000001939c800 Exception <a 'java/lang/ClassNotFoundException': org/gradle/plugin/use/internal/PluginRequestCollector$PluginDependenciesSpecImplBeanInfo> (0x00000000dd538978) thrown at [C:\src\AOSP-openjdk-git\hotspot\src\share\vm\classfile\systemDictionary.cpp, line 21
Event: 59.481 Thread 0x000000001939c800 Exception <a 'java/lang/ClassNotFoundException': org/gradle/plugin/use/internal/PluginRequestCollector$PluginDependenciesSpecImplCustomizer> (0x00000000dd57cc38) thrown at [C:\src\AOSP-openjdk-git\hotspot\src\share\vm\classfile\systemDictionary.cpp, line 
Event: 59.630 Thread 0x000000001939c800 Exception <a 'java/lang/ClassNotFoundException': org/gradle/api/internal/plugins/DefaultObjectConfigurationActionBeanInfo> (0x00000000dd959238) thrown at [C:\src\AOSP-openjdk-git\hotspot\src\share\vm\classfile\systemDictionary.cpp, line 210]
Event: 59.634 Thread 0x000000001939c800 Exception <a 'java/lang/ClassNotFoundException': org/gradle/api/internal/plugins/DefaultObjectConfigurationActionCustomizer> (0x00000000dd9a4158) thrown at [C:\src\AOSP-openjdk-git\hotspot\src\share\vm\classfile\systemDictionary.cpp, line 210]
Event: 61.883 Thread 0x000000001939c800 Implicit null exception at 0x0000000003413c54 to 0x0000000003413cca
Event: 64.471 Thread 0x000000001939c800 Implicit null exception at 0x0000000002a05482 to 0x0000000002a09201
Event: 64.473 Thread 0x000000001939c800 Implicit null exception at 0x0000000002e59715 to 0x0000000002e599fd
Event: 65.395 Thread 0x000000001939c800 Implicit null exception at 0x000000000313082c to 0x0000000003130d69

Events (10 events):
Event: 65.406 loading class sun/security/provider/DSAPublicKeyImpl
Event: 65.406 loading class sun/security/provider/DSAPublicKey
Event: 65.406 loading class sun/security/provider/DSAPublicKey done
Event: 65.406 loading class sun/security/provider/DSAPublicKeyImpl done
Event: 65.414 loading class sun/security/pkcs/PKCS9Attributes
Event: 65.418 loading class sun/security/pkcs/PKCS9Attributes done
Event: 65.440 loading class sun/security/pkcs/SigningCertificateInfo
Event: 65.444 loading class sun/security/pkcs/SigningCertificateInfo done
Event: 65.445 loading class sun/security/pkcs/ESSCertId
Event: 65.445 loading class sun/security/pkcs/ESSCertId done


Dynamic libraries:
0x00007ff750f70000 - 0x00007ff750fa1000 	C:\Program Files\Android\Android Studio\jre\bin\java.exe
0x00007ffedb510000 - 0x00007ffedb706000 	C:\WINDOWS\SYSTEM32\ntdll.dll
0x00007ffed9bf0000 - 0x00007ffed9cad000 	C:\WINDOWS\System32\KERNEL32.DLL
0x00007ffed8c80000 - 0x00007ffed8f49000 	C:\WINDOWS\System32\KERNELBASE.dll
0x00007ffeda930000 - 0x00007ffeda9dc000 	C:\WINDOWS\System32\ADVAPI32.dll
0x00007ffeda4a0000 - 0x00007ffeda53e000 	C:\WINDOWS\System32\msvcrt.dll
0x00007ffeda400000 - 0x00007ffeda49c000 	C:\WINDOWS\System32\sechost.dll
0x00007ffedb050000 - 0x00007ffedb17b000 	C:\WINDOWS\System32\RPCRT4.dll
0x00007ffedb180000 - 0x00007ffedb320000 	C:\WINDOWS\System32\USER32.dll
0x00007ffed8c50000 - 0x00007ffed8c72000 	C:\WINDOWS\System32\win32u.dll
0x00007ffedab30000 - 0x00007ffedab5a000 	C:\WINDOWS\System32\GDI32.dll
0x00007ffed9080000 - 0x00007ffed918b000 	C:\WINDOWS\System32\gdi32full.dll
0x00007ffed9190000 - 0x00007ffed922d000 	C:\WINDOWS\System32\msvcp_win.dll
0x00007ffed9470000 - 0x00007ffed9570000 	C:\WINDOWS\System32\ucrtbase.dll
0x00007ffeccda0000 - 0x00007ffecd03b000 	C:\WINDOWS\WinSxS\amd64_microsoft.windows.common-controls_6595b64144ccf1df_6.0.19041.746_none_ca02b4b61b8320a4\COMCTL32.dll
0x00007ffeda760000 - 0x00007ffeda790000 	C:\WINDOWS\System32\IMM32.DLL
0x000000005cd20000 - 0x000000005cdf2000 	C:\Program Files\Android\Android Studio\jre\jre\bin\msvcr100.dll
0x000000005b490000 - 0x000000005bcdb000 	C:\Program Files\Android\Android Studio\jre\jre\bin\server\jvm.dll
0x00007ffed9a00000 - 0x00007ffed9a08000 	C:\WINDOWS\System32\PSAPI.DLL
0x00007ffecff60000 - 0x00007ffecff87000 	C:\WINDOWS\SYSTEM32\WINMM.dll
0x00007ffec6a90000 - 0x00007ffec6a99000 	C:\WINDOWS\SYSTEM32\WSOCK32.dll
0x00007ffed3760000 - 0x00007ffed376a000 	C:\WINDOWS\SYSTEM32\VERSION.dll
0x00007ffeda540000 - 0x00007ffeda5ab000 	C:\WINDOWS\System32\WS2_32.dll
0x00007ffed4700000 - 0x00007ffed470f000 	C:\Program Files\Android\Android Studio\jre\jre\bin\verify.dll
0x00007ffecb2b0000 - 0x00007ffecb2d9000 	C:\Program Files\Android\Android Studio\jre\jre\bin\java.dll
0x00007ffecb290000 - 0x00007ffecb2a6000 	C:\Program Files\Android\Android Studio\jre\jre\bin\zip.dll
0x00007ffed9cb0000 - 0x00007ffeda3f3000 	C:\WINDOWS\System32\SHELL32.dll
0x00007ffed69a0000 - 0x00007ffed712f000 	C:\WINDOWS\SYSTEM32\windows.storage.dll
0x00007ffed9570000 - 0x00007ffed98c6000 	C:\WINDOWS\System32\combase.dll
0x00007ffed85e0000 - 0x00007ffed860c000 	C:\WINDOWS\SYSTEM32\Wldp.dll
0x00007ffed9a10000 - 0x00007ffed9abe000 	C:\WINDOWS\System32\SHCORE.dll
0x00007ffedaa70000 - 0x00007ffedaac5000 	C:\WINDOWS\System32\shlwapi.dll
0x00007ffed8b80000 - 0x00007ffed8ba6000 	C:\WINDOWS\SYSTEM32\profapi.dll
0x00007ffecb010000 - 0x00007ffecb02a000 	C:\Program Files\Android\Android Studio\jre\jre\bin\net.dll
0x00007ffed8360000 - 0x00007ffed83ca000 	C:\WINDOWS\system32\mswsock.dll
0x00007ffecaff0000 - 0x00007ffecb003000 	C:\Program Files\Android\Android Studio\jre\jre\bin\nio.dll
0x00007ffea03c0000 - 0x00007ffea03e7000 	C:\Users\ASUS\.gradle\native\fdc75f09e3144964f2cf3f50f0aa648679c211496f362492102eb8c894070792\windows-amd64\native-platform.dll
0x00007ffe94390000 - 0x00007ffe94526000 	C:\Users\ASUS\.gradle\native\12488b8bf47d2d4c9fbf2f6322a914ad602e24e48041cd04a747c6da556b65c4\windows-amd64\native-platform-file-events.dll
0x00007ffed4520000 - 0x00007ffed452d000 	C:\Program Files\Android\Android Studio\jre\jre\bin\management.dll
0x00007ffed8530000 - 0x00007ffed8548000 	C:\WINDOWS\SYSTEM32\CRYPTSP.dll
0x00007ffed7d00000 - 0x00007ffed7d34000 	C:\WINDOWS\system32\rsaenh.dll
0x00007ffed9050000 - 0x00007ffed9077000 	C:\WINDOWS\System32\bcrypt.dll
0x00007ffed8b40000 - 0x00007ffed8b6e000 	C:\WINDOWS\SYSTEM32\USERENV.dll
0x00007ffed9290000 - 0x00007ffed9310000 	C:\WINDOWS\System32\bcryptprimitives.dll
0x00007ffed8550000 - 0x00007ffed855c000 	C:\WINDOWS\SYSTEM32\CRYPTBASE.dll
0x00007ffed8050000 - 0x00007ffed808b000 	C:\WINDOWS\SYSTEM32\IPHLPAPI.DLL
0x00007ffeda5b0000 - 0x00007ffeda5b8000 	C:\WINDOWS\System32\NSI.dll
0x00007ffed1ba0000 - 0x00007ffed1bb7000 	C:\WINDOWS\SYSTEM32\dhcpcsvc6.DLL
0x00007ffed1870000 - 0x00007ffed188d000 	C:\WINDOWS\SYSTEM32\dhcpcsvc.DLL
0x00007ffed8090000 - 0x00007ffed815b000 	C:\WINDOWS\SYSTEM32\DNSAPI.dll
0x00007ffed1c00000 - 0x00007ffed1c0b000 	C:\WINDOWS\SYSTEM32\WINNSI.DLL
0x00007ffec76d0000 - 0x00007ffec76f4000 	C:\Program Files\Android\Android Studio\jre\jre\bin\sunec.dll
0x00007ffed3e30000 - 0x00007ffed3e3b000 	C:\Program Files\Android\Android Studio\jre\jre\bin\sunmscapi.dll
0x00007ffed9310000 - 0x00007ffed9466000 	C:\WINDOWS\System32\CRYPT32.dll
0x00007ffeceb00000 - 0x00007ffeceb0a000 	C:\Windows\System32\rasadhlp.dll
0x00007ffecf1e0000 - 0x00007ffecf25f000 	C:\WINDOWS\System32\fwpuclnt.dll

VM Arguments:
jvm_args: -Xmx2048m -Dfile.encoding=UTF-8 -Duser.country=ES -Duser.language=es -Duser.variant 
java_command: org.gradle.launcher.daemon.bootstrap.GradleDaemon 6.8
java_class_path (initial): C:\Users\ASUS\.gradle\wrapper\dists\gradle-6.8-bin\1jblhjyydfkclfzx1agp92nyl\gradle-6.8\lib\gradle-launcher-6.8.jar
Launcher Type: SUN_STANDARD

Environment Variables:
PATH=C:\Program Files (x86)\Common Files\Oracle\Java\javapath;C:\oraclexe\app\oracle\product\11.2.0\server\bin;C:\ProgramData\Oracle\Java\javapath;C:\Program Files (x86)\NVIDIA Corporation\PhysX\Common;C:\WINDOWS\system32;C:\WINDOWS;C:\WINDOWS\System32\Wbem;C:\WINDOWS\System32\WindowsPowerShell\v1.0\;C:\Program Files\Common Files\Autodesk Shared\;C:\Program Files (x86)\Autodesk\Backburner\;C:\Program Files\Microsoft SQL Server\Client SDK\ODBC\110\Tools\Binn\;C:\Program Files (x86)\Microsoft SQL Server\120\Tools\Binn\;C:\Program Files\Microsoft SQL Server\120\Tools\Binn\;C:\Program Files\Microsoft SQL Server\120\DTS\Binn\;C:\Program Files (x86)\Windows Kits\8.1\Windows Performance Toolkit\;C:\WINDOWS\System32\OpenSSH\;C:\Program Files (x86)\Dev-Cpp\MinGW64\bin;C:\Program Files (x86)\Brackets\command;C:\Program Files\NVIDIA Corporation\NVIDIA NvDLISR;C:\Program Files\PuTTY\;C:\WINDOWS\system32;C:\WINDOWS;C:\WINDOWS\System32\Wbem;C:\WINDOWS\System32\WindowsPowerShell\v1.0\;C:\WINDOWS\System32\OpenSSH\;C:\Users\ASUS\AppData\Local\Programs\Python\Python37-32\Scripts\;C:\Users\ASUS\AppData\Local\Programs\Python\Python37-32\;C:\Users\ASUS\AppData\Local\Microsoft\WindowsApps;C:\Users\ASUS\AppData\Local\GitHubDesktop\bin;C:\Users\ASUS\AppData\Local\Programs\Microsoft VS Code\bin
USERNAME=ASUS
OS=Windows_NT
PROCESSOR_IDENTIFIER=Intel64 Family 6 Model 58 Stepping 9, GenuineIntel



---------------  S Y S T E M  ---------------

OS: Windows 10.0 , 64 bit Build 19041 (10.0.19041.662)

CPU:total 4 (initial active 4) (2 cores per cpu, 2 threads per core) family 6 model 58 stepping 9, cmov, cx8, fxsr, mmx, sse, sse2, sse3, ssse3, sse4.1, sse4.2, popcnt, avx, aes, clmul, erms, ht, tsc, tscinvbit, tscinv

Memory: 4k page, physical 8271404k(1830332k free), swap 9319980k(792k free)

vm_info: OpenJDK 64-Bit Server VM (25.242-b01) for windows-amd64 JRE (1.8.0_242-release-1644-b01), built by "builder" with MS VC++ 10.0 (VS2010)

time: Wed Feb 10 20:42:40 2021
timezone: Hora estándar romance
elapsed time: 65 seconds (0d 0h 1m 5s)

