#
# There is insufficient memory for the Java Runtime Environment to continue.
# Native memory allocation (malloc) failed to allocate 1096832 bytes for Chunk::new
# Possible reasons:
#   The system is out of physical RAM or swap space
#   The process is running with CompressedOops enabled, and the Java Heap may be blocking the growth of the native heap
# Possible solutions:
#   Reduce memory load on the system
#   Increase physical memory or swap space
#   Check if swap backing store is full
#   Decrease Java heap size (-Xmx/-Xms)
#   Decrease number of Java threads
#   Decrease Java thread stack sizes (-Xss)
#   Set larger code cache with -XX:ReservedCodeCacheSize=
#   JVM is running with Unscaled Compressed Oops mode in which the Java heap is
#     placed in the first 4GB address space. The Java Heap base address is the
#     maximum limit for the native heap growth. Please use -XX:HeapBaseMinAddress
#     to set the Java Heap base and to place the Java Heap above 4GB virtual address.
# This output file may be truncated or incomplete.
#
#  Out of Memory Error (allocation.cpp:389), pid=8868, tid=0x00000000000033b4
#
# JRE version: OpenJDK Runtime Environment (8.0_242-b01) (build 1.8.0_242-release-1644-b01)
# Java VM: OpenJDK 64-Bit Server VM (25.242-b01 mixed mode windows-amd64 compressed oops)
# Failed to write core dump. Minidumps are not enabled by default on client versions of Windows
#

---------------  T H R E A D  ---------------

Current thread (0x0000000017b34000):  JavaThread "C2 CompilerThread0" daemon [_thread_in_native, id=13236, stack(0x00000000191d0000,0x00000000192d0000)]

Stack: [0x00000000191d0000,0x00000000192d0000]
[error occurred during error reporting (printing stack bounds), id 0xc0000005]

Native frames: (J=compiled Java code, j=interpreted, Vv=VM code, C=native code)


Current CompileTask:
C2:  52307 10120 %     4       org.objectweb.asm.signature.SignatureReader::parseType @ 184 (411 bytes)


---------------  P R O C E S S  ---------------

Java Threads: ( => current thread )
  0x00000000203de800 JavaThread "WorkerExecutor Queue" [_thread_blocked, id=7744, stack(0x000000002ce50000,0x000000002cf50000)]
  0x000000001a78d000 JavaThread "Cache worker for execution history cache (C:\Users\ASUS\Documents\GitHub\spindie\.gradle\6.8\executionHistory)" [_thread_blocked, id=10064, stack(0x000000002cd50000,0x000000002ce50000)]
  0x000000001a78e000 JavaThread "Execution worker for ':' Thread 3" [_thread_blocked, id=14168, stack(0x000000002cc50000,0x000000002cd50000)]
  0x000000001a791800 JavaThread "Execution worker for ':' Thread 2" [_thread_blocked, id=1216, stack(0x000000002c8f0000,0x000000002c9f0000)]
  0x000000001a791000 JavaThread "Execution worker for ':'" [_thread_blocked, id=8776, stack(0x000000002c3c0000,0x000000002c4c0000)]
  0x000000001a78c800 JavaThread "Memory manager" [_thread_blocked, id=5880, stack(0x000000002b6c0000,0x000000002b7c0000)]
  0x000000001a78b800 JavaThread "jar transforms Thread 112" [_thread_blocked, id=3100, stack(0x000000002adc0000,0x000000002aec0000)]
  0x000000001a78f800 JavaThread "jar transforms Thread 111" [_thread_blocked, id=828, stack(0x000000002acc0000,0x000000002adc0000)]
  0x000000001a78b000 JavaThread "jar transforms Thread 110" [_thread_blocked, id=6460, stack(0x000000002abc0000,0x000000002acc0000)]
  0x000000001a785000 JavaThread "jar transforms Thread 109" [_thread_blocked, id=3044, stack(0x000000002aac0000,0x000000002abc0000)]
  0x000000001a783800 JavaThread "jar transforms Thread 108" [_thread_blocked, id=5152, stack(0x000000002a9c0000,0x000000002aac0000)]
  0x000000001a787000 JavaThread "jar transforms Thread 107" [_thread_blocked, id=10488, stack(0x000000002a8c0000,0x000000002a9c0000)]
  0x000000001a78a000 JavaThread "jar transforms Thread 106" [_thread_blocked, id=6808, stack(0x000000002a7c0000,0x000000002a8c0000)]
  0x000000001a782800 JavaThread "jar transforms Thread 105" [_thread_blocked, id=10992, stack(0x000000002a6c0000,0x000000002a7c0000)]
  0x000000001a789800 JavaThread "jar transforms Thread 104" [_thread_blocked, id=5820, stack(0x000000002a4c0000,0x000000002a5c0000)]
  0x000000001a784000 JavaThread "jar transforms Thread 103" [_thread_blocked, id=9588, stack(0x000000002a3c0000,0x000000002a4c0000)]
  0x000000001a788000 JavaThread "jar transforms Thread 102" [_thread_blocked, id=11388, stack(0x000000002a2c0000,0x000000002a3c0000)]
  0x000000001a786800 JavaThread "jar transforms Thread 101" [_thread_blocked, id=13468, stack(0x000000002a1c0000,0x000000002a2c0000)]
  0x000000001a788800 JavaThread "jar transforms Thread 100" [_thread_blocked, id=5864, stack(0x000000002a0c0000,0x000000002a1c0000)]
  0x000000001a785800 JavaThread "jar transforms Thread 99" [_thread_blocked, id=5112, stack(0x0000000029fc0000,0x000000002a0c0000)]
  0x00000000208b2000 JavaThread "jar transforms Thread 98" [_thread_blocked, id=5092, stack(0x0000000029ec0000,0x0000000029fc0000)]
  0x00000000208b1800 JavaThread "jar transforms Thread 97" [_thread_blocked, id=11804, stack(0x0000000029dc0000,0x0000000029ec0000)]
  0x00000000208b0800 JavaThread "jar transforms Thread 96" [_thread_blocked, id=11544, stack(0x0000000029cc0000,0x0000000029dc0000)]
  0x00000000208b0000 JavaThread "jar transforms Thread 95" [_thread_blocked, id=11236, stack(0x0000000029bc0000,0x0000000029cc0000)]
  0x00000000208af000 JavaThread "jar transforms Thread 94" [_thread_blocked, id=14284, stack(0x0000000029ac0000,0x0000000029bc0000)]
  0x00000000208ae800 JavaThread "jar transforms Thread 93" [_thread_blocked, id=1020, stack(0x00000000299c0000,0x0000000029ac0000)]
  0x00000000208a7000 JavaThread "jar transforms Thread 92" [_thread_blocked, id=3068, stack(0x00000000298c0000,0x00000000299c0000)]
  0x00000000208ad800 JavaThread "jar transforms Thread 91" [_thread_blocked, id=1832, stack(0x00000000297c0000,0x00000000298c0000)]
  0x00000000208ad000 JavaThread "jar transforms Thread 90" [_thread_blocked, id=12560, stack(0x00000000296c0000,0x00000000297c0000)]
  0x00000000208ac000 JavaThread "jar transforms Thread 89" [_thread_blocked, id=10272, stack(0x00000000295c0000,0x00000000296c0000)]
  0x00000000208a4800 JavaThread "jar transforms Thread 88" [_thread_blocked, id=8004, stack(0x00000000294c0000,0x00000000295c0000)]
  0x00000000208ab800 JavaThread "jar transforms Thread 87" [_thread_blocked, id=3156, stack(0x00000000293c0000,0x00000000294c0000)]
  0x00000000208a4000 JavaThread "jar transforms Thread 86" [_thread_blocked, id=8508, stack(0x00000000292c0000,0x00000000293c0000)]
  0x00000000208a5800 JavaThread "jar transforms Thread 85" [_thread_blocked, id=4428, stack(0x00000000291c0000,0x00000000292c0000)]
  0x00000000208aa800 JavaThread "jar transforms Thread 84" [_thread_blocked, id=6500, stack(0x00000000290c0000,0x00000000291c0000)]
  0x00000000208a7800 JavaThread "jar transforms Thread 83" [_thread_blocked, id=8304, stack(0x0000000028fc0000,0x00000000290c0000)]
  0x00000000208a3000 JavaThread "jar transforms Thread 82" [_thread_blocked, id=5644, stack(0x0000000028ec0000,0x0000000028fc0000)]
  0x00000000208a6000 JavaThread "jar transforms Thread 81" [_thread_blocked, id=2716, stack(0x0000000028dc0000,0x0000000028ec0000)]
  0x00000000208aa000 JavaThread "jar transforms Thread 80" [_thread_blocked, id=3404, stack(0x0000000028cc0000,0x0000000028dc0000)]
  0x00000000208a8800 JavaThread "jar transforms Thread 79" [_thread_blocked, id=2852, stack(0x0000000028bc0000,0x0000000028cc0000)]
  0x00000000208a9000 JavaThread "jar transforms Thread 78" [_thread_blocked, id=13944, stack(0x0000000028ac0000,0x0000000028bc0000)]
  0x000000001c270000 JavaThread "jar transforms Thread 77" [_thread_blocked, id=9952, stack(0x00000000289c0000,0x0000000028ac0000)]
  0x000000001c276800 JavaThread "jar transforms Thread 76" [_thread_blocked, id=12568, stack(0x00000000288c0000,0x00000000289c0000)]
  0x000000001c273000 JavaThread "jar transforms Thread 75" [_thread_blocked, id=10580, stack(0x00000000287c0000,0x00000000288c0000)]
  0x000000001c272000 JavaThread "jar transforms Thread 74" [_thread_blocked, id=4388, stack(0x00000000286c0000,0x00000000287c0000)]
  0x000000001c26f000 JavaThread "jar transforms Thread 73" [_thread_blocked, id=7276, stack(0x00000000285c0000,0x00000000286c0000)]
  0x000000001c276000 JavaThread "jar transforms Thread 72" [_thread_blocked, id=8884, stack(0x00000000284c0000,0x00000000285c0000)]
  0x000000001c274800 JavaThread "jar transforms Thread 71" [_thread_blocked, id=7616, stack(0x00000000283c0000,0x00000000284c0000)]
  0x000000001c271800 JavaThread "jar transforms Thread 70" [_thread_blocked, id=11872, stack(0x00000000282c0000,0x00000000283c0000)]
  0x000000001c275000 JavaThread "jar transforms Thread 69" [_thread_blocked, id=3180, stack(0x0000000027e80000,0x0000000027f80000)]
  0x000000001c273800 JavaThread "jar transforms Thread 68" [_thread_blocked, id=9072, stack(0x00000000281c0000,0x00000000282c0000)]
  0x000000001c270800 JavaThread "jar transforms Thread 67" [_thread_blocked, id=9640, stack(0x00000000280c0000,0x00000000281c0000)]
  0x000000001c268800 JavaThread "jar transforms Thread 66" [_thread_blocked, id=13060, stack(0x0000000027fc0000,0x00000000280c0000)]
  0x000000001c26d800 JavaThread "jar transforms Thread 65" [_thread_blocked, id=7324, stack(0x0000000027d80000,0x0000000027e80000)]
  0x000000001c267800 JavaThread "jar transforms Thread 64" [_thread_blocked, id=1464, stack(0x0000000027c80000,0x0000000027d80000)]
  0x000000001c26d000 JavaThread "jar transforms Thread 63" [_thread_blocked, id=5856, stack(0x0000000027b80000,0x0000000027c80000)]
  0x000000001c26b800 JavaThread "jar transforms Thread 62" [_thread_blocked, id=8120, stack(0x0000000027a80000,0x0000000027b80000)]
  0x000000001c269000 JavaThread "jar transforms Thread 61" [_thread_blocked, id=11900, stack(0x0000000027980000,0x0000000027a80000)]
  0x000000001c26c000 JavaThread "jar transforms Thread 60" [_thread_blocked, id=1404, stack(0x0000000027880000,0x0000000027980000)]
  0x000000001c26a800 JavaThread "jar transforms Thread 59" [_thread_blocked, id=988, stack(0x0000000027780000,0x0000000027880000)]
  0x000000001c26a000 JavaThread "jar transforms Thread 58" [_thread_blocked, id=5604, stack(0x0000000027680000,0x0000000027780000)]
  0x000000001c26e800 JavaThread "jar transforms Thread 57" [_thread_blocked, id=8132, stack(0x0000000027250000,0x0000000027350000)]
  0x000000001deaa800 JavaThread "jar transforms Thread 56" [_thread_blocked, id=4800, stack(0x0000000027580000,0x0000000027680000)]
  0x000000001dea9800 JavaThread "jar transforms Thread 55" [_thread_blocked, id=11140, stack(0x0000000027480000,0x0000000027580000)]
  0x000000001dea9000 JavaThread "jar transforms Thread 54" [_thread_blocked, id=9424, stack(0x0000000027380000,0x0000000027480000)]
  0x000000001deae000 JavaThread "jar transforms Thread 53" [_thread_blocked, id=13164, stack(0x0000000027150000,0x0000000027250000)]
  0x000000001dead800 JavaThread "jar transforms Thread 52" [_thread_blocked, id=12136, stack(0x0000000027050000,0x0000000027150000)]
  0x000000001deac800 JavaThread "jar transforms Thread 51" [_thread_blocked, id=12924, stack(0x0000000026f50000,0x0000000027050000)]
  0x000000001deac000 JavaThread "jar transforms Thread 50" [_thread_blocked, id=10484, stack(0x0000000026e50000,0x0000000026f50000)]
  0x000000001dea7800 JavaThread "jar transforms Thread 49" [_thread_blocked, id=8680, stack(0x0000000026d50000,0x0000000026e50000)]
  0x000000001dea8000 JavaThread "jar transforms Thread 48" [_thread_blocked, id=5748, stack(0x0000000026920000,0x0000000026a20000)]
  0x000000001deab000 JavaThread "jar transforms Thread 47" [_thread_blocked, id=5156, stack(0x0000000026c50000,0x0000000026d50000)]
  0x000000001dea0000 JavaThread "jar transforms Thread 46" [_thread_blocked, id=5208, stack(0x0000000026b50000,0x0000000026c50000)]
  0x000000001dea6800 JavaThread "jar transforms Thread 45" [_thread_blocked, id=13020, stack(0x0000000026a50000,0x0000000026b50000)]
  0x000000001dea3800 JavaThread "jar transforms Thread 44" [_thread_blocked, id=8256, stack(0x0000000026820000,0x0000000026920000)]
  0x000000001dea1800 JavaThread "jar transforms Thread 43" [_thread_blocked, id=6004, stack(0x0000000026720000,0x0000000026820000)]
  0x000000001de9f000 JavaThread "jar transforms Thread 42" [_thread_blocked, id=12464, stack(0x0000000026620000,0x0000000026720000)]
  0x000000001dea3000 JavaThread "jar transforms Thread 41" [_thread_blocked, id=10148, stack(0x0000000026520000,0x0000000026620000)]
  0x000000001dea2000 JavaThread "jar transforms Thread 40" [_thread_blocked, id=8008, stack(0x0000000026420000,0x0000000026520000)]
  0x000000001dea0800 JavaThread "jar transforms Thread 39" [_thread_blocked, id=11380, stack(0x0000000026320000,0x0000000026420000)]
  0x000000001dea6000 JavaThread "jar transforms Thread 38" [_thread_blocked, id=9764, stack(0x0000000026220000,0x0000000026320000)]
  0x000000001dea5000 JavaThread "jar transforms Thread 37" [_thread_blocked, id=3216, stack(0x0000000026120000,0x0000000026220000)]
  0x000000001dea4800 JavaThread "jar transforms Thread 36" [_thread_blocked, id=8076, stack(0x0000000026020000,0x0000000026120000)]
  0x000000001a11d800 JavaThread "jar transforms Thread 35" [_thread_blocked, id=11456, stack(0x0000000025f20000,0x0000000026020000)]
  0x000000001a11c800 JavaThread "jar transforms Thread 34" [_thread_blocked, id=4752, stack(0x0000000025e20000,0x0000000025f20000)]
  0x000000001a123800 JavaThread "jar transforms Thread 33" [_thread_blocked, id=12872, stack(0x0000000025d20000,0x0000000025e20000)]
  0x000000001a120800 JavaThread "jar transforms Thread 32" [_thread_blocked, id=10308, stack(0x0000000025c20000,0x0000000025d20000)]
  0x000000001a11f000 JavaThread "jar transforms Thread 31" [_thread_blocked, id=7200, stack(0x0000000025b20000,0x0000000025c20000)]
  0x000000001a121000 JavaThread "jar transforms Thread 30" [_thread_blocked, id=4028, stack(0x0000000025a20000,0x0000000025b20000)]
  0x000000001a11f800 JavaThread "jar transforms Thread 29" [_thread_blocked, id=11620, stack(0x0000000025920000,0x0000000025a20000)]
  0x000000001a122000 JavaThread "jar transforms Thread 28" [_thread_blocked, id=752, stack(0x0000000025820000,0x0000000025920000)]
  0x000000001a122800 JavaThread "jar transforms Thread 27" [_thread_blocked, id=9600, stack(0x0000000025720000,0x0000000025820000)]
  0x000000001a11e000 JavaThread "jar transforms Thread 26" [_thread_blocked, id=5060, stack(0x0000000025620000,0x0000000025720000)]
  0x000000001a115000 JavaThread "jar transforms Thread 25" [_thread_blocked, id=13316, stack(0x0000000025520000,0x0000000025620000)]
  0x000000001a117800 JavaThread "jar transforms Thread 24" [_thread_blocked, id=7804, stack(0x0000000025420000,0x0000000025520000)]
  0x000000001a11a800 JavaThread "jar transforms Thread 23" [_thread_blocked, id=6756, stack(0x0000000025320000,0x0000000025420000)]
  0x000000001a119800 JavaThread "jar transforms Thread 22" [_thread_blocked, id=9560, stack(0x0000000025220000,0x0000000025320000)]
  0x000000001a11c000 JavaThread "jar transforms Thread 21" [_thread_blocked, id=12016, stack(0x0000000025120000,0x0000000025220000)]
  0x000000001a114800 JavaThread "jar transforms Thread 20" [_thread_blocked, id=2648, stack(0x0000000025020000,0x0000000025120000)]
  0x000000001a116800 JavaThread "jar transforms Thread 19" [_thread_blocked, id=10892, stack(0x0000000024f20000,0x0000000025020000)]
  0x000000001a119000 JavaThread "jar transforms Thread 18" [_thread_blocked, id=5028, stack(0x0000000024e20000,0x0000000024f20000)]
  0x000000001a11b000 JavaThread "jar transforms Thread 17" [_thread_blocked, id=6568, stack(0x0000000024d20000,0x0000000024e20000)]
  0x000000001a118000 JavaThread "jar transforms Thread 16" [_thread_blocked, id=7836, stack(0x0000000024c20000,0x0000000024d20000)]
  0x000000001a116000 JavaThread "jar transforms Thread 15" [_thread_blocked, id=11056, stack(0x0000000024b20000,0x0000000024c20000)]
  0x000000001a7b6800 JavaThread "jar transforms Thread 14" [_thread_blocked, id=1804, stack(0x0000000024a20000,0x0000000024b20000)]
  0x000000001a7b6000 JavaThread "jar transforms Thread 13" [_thread_blocked, id=11156, stack(0x0000000024920000,0x0000000024a20000)]
  0x000000001a7b5000 JavaThread "jar transforms Thread 12" [_thread_blocked, id=6064, stack(0x0000000024820000,0x0000000024920000)]
  0x000000001a7b7800 JavaThread "jar transforms Thread 11" [_thread_blocked, id=6412, stack(0x0000000024720000,0x0000000024820000)]
  0x000000001a7b4800 JavaThread "jar transforms Thread 10" [_thread_blocked, id=9520, stack(0x0000000024620000,0x0000000024720000)]
  0x000000001a7b3800 JavaThread "jar transforms Thread 9" [_thread_blocked, id=2596, stack(0x0000000024520000,0x0000000024620000)]
  0x000000001a7ac000 JavaThread "jar transforms Thread 8" [_thread_blocked, id=8856, stack(0x0000000024420000,0x0000000024520000)]
  0x000000001a7b3000 JavaThread "jar transforms Thread 7" [_thread_blocked, id=11372, stack(0x0000000024320000,0x0000000024420000)]
  0x000000001a7ad000 JavaThread "jar transforms Thread 6" [_thread_blocked, id=12804, stack(0x0000000024220000,0x0000000024320000)]
  0x000000001a7b1800 JavaThread "jar transforms Thread 5" [_thread_blocked, id=2512, stack(0x0000000024120000,0x0000000024220000)]
  0x000000001a7b0800 JavaThread "jar transforms Thread 4" [_thread_blocked, id=10784, stack(0x0000000024020000,0x0000000024120000)]
  0x000000001a7ab800 JavaThread "jar transforms Thread 3" [_thread_blocked, id=1504, stack(0x0000000023f20000,0x0000000024020000)]
  0x000000001a7b2000 JavaThread "jar transforms Thread 2" [_thread_blocked, id=7332, stack(0x0000000023e20000,0x0000000023f20000)]
  0x000000001a7b0000 JavaThread "Build operations Thread 4" [_thread_blocked, id=2188, stack(0x0000000023d20000,0x0000000023e20000)]
  0x000000001a7a8800 JavaThread "Build operations Thread 3" [_thread_blocked, id=3460, stack(0x0000000023c20000,0x0000000023d20000)]
  0x000000001a7ae800 JavaThread "Build operations Thread 2" [_thread_in_Java, id=7400, stack(0x0000000022870000,0x0000000022970000)]
  0x000000001a7aa000 JavaThread "Build operations" [_thread_blocked, id=1952, stack(0x0000000022770000,0x0000000022870000)]
  0x000000001a7af000 JavaThread "Cache worker for Build Output Cleanup Cache (C:\Users\ASUS\Documents\GitHub\spindie\.gradle\buildOutputCleanup)" [_thread_blocked, id=1392, stack(0x0000000022670000,0x0000000022770000)]
  0x000000001b9d0000 JavaThread "Cache worker for file content cache (C:\Users\ASUS\.gradle\caches\6.8\fileContent)" [_thread_blocked, id=10608, stack(0x0000000021f70000,0x0000000022070000)]
  0x000000001b9cf000 JavaThread "jar transforms" [_thread_blocked, id=14260, stack(0x0000000021e70000,0x0000000021f70000)]
  0x000000001b9ce800 JavaThread "Cache worker for execution history cache (C:\Users\ASUS\.gradle\caches\6.8\executionHistory)" [_thread_blocked, id=5020, stack(0x0000000021770000,0x0000000021870000)]
  0x000000001b9cd800 JavaThread "Cache worker for cache directory md-rule (C:\Users\ASUS\.gradle\caches\6.8\md-rule)" [_thread_blocked, id=8200, stack(0x0000000021670000,0x0000000021770000)]
  0x000000001b9d3000 JavaThread "Cache worker for cache directory md-supplier (C:\Users\ASUS\.gradle\caches\6.8\md-supplier)" [_thread_blocked, id=4544, stack(0x0000000021570000,0x0000000021670000)]
  0x000000001b9d1800 JavaThread "Cache worker for checksums cache (C:\Users\ASUS\Documents\GitHub\spindie\.gradle\checksums)" [_thread_blocked, id=6672, stack(0x00000000201f0000,0x00000000202f0000)]
  0x000000001b9d4800 JavaThread "Cache worker for file hash cache (C:\Users\ASUS\Documents\GitHub\spindie\.gradle\6.8\fileHashes)" [_thread_blocked, id=10624, stack(0x000000001fef0000,0x000000001fff0000)]
  0x000000001b9d2000 JavaThread "Cache worker for journal cache (C:\Users\ASUS\.gradle\caches\journal-1)" [_thread_blocked, id=12156, stack(0x000000001ec20000,0x000000001ed20000)]
  0x000000001b9d3800 JavaThread "File lock request listener" [_thread_in_native, id=8676, stack(0x000000001db50000,0x000000001dc50000)]
  0x000000001bb30000 JavaThread "Cache worker for file hash cache (C:\Users\ASUS\.gradle\caches\6.8\fileHashes)" [_thread_blocked, id=6632, stack(0x000000001d950000,0x000000001da50000)]
  0x0000000019b07000 JavaThread "Daemon client event forwarder" [_thread_blocked, id=13716, stack(0x000000001d650000,0x000000001d750000)]
  0x0000000019b04800 JavaThread "Stdin handler" [_thread_blocked, id=4644, stack(0x000000001d550000,0x000000001d650000)]
  0x000000001ba9b800 JavaThread "Asynchronous log dispatcher for DefaultDaemonConnection: socket connection from /127.0.0.1:58175 to /127.0.0.1:58176" [_thread_blocked, id=10500, stack(0x000000001d450000,0x000000001d550000)]
  0x000000001bb61800 JavaThread "Daemon worker" [_thread_blocked, id=8128, stack(0x000000001d350000,0x000000001d450000)]
  0x000000001bb31800 JavaThread "Cancel handler" [_thread_blocked, id=9248, stack(0x000000001d250000,0x000000001d350000)]
  0x000000001ba28000 JavaThread "Handler for socket connection from /127.0.0.1:58175 to /127.0.0.1:58176" [_thread_in_native, id=13544, stack(0x000000001d150000,0x000000001d250000)]
  0x000000001b9f3000 JavaThread "Daemon" [_thread_blocked, id=4928, stack(0x000000001d050000,0x000000001d150000)]
  0x000000001b9f2800 JavaThread "Daemon periodic checks" [_thread_blocked, id=13452, stack(0x000000001cf50000,0x000000001d050000)]
  0x000000001b9f0000 JavaThread "Incoming local TCP Connector on port 58175" [_thread_in_native, id=1424, stack(0x000000001cae0000,0x000000001cbe0000)]
  0x000000001978a800 JavaThread "Daemon health stats" [_thread_blocked, id=10208, stack(0x000000001b2a0000,0x000000001b3a0000)]
  0x00000000193f5000 JavaThread "Service Thread" daemon [_thread_blocked, id=11460, stack(0x00000000198d0000,0x00000000199d0000)]
  0x0000000017b8d800 JavaThread "C1 CompilerThread2" daemon [_thread_blocked, id=13008, stack(0x00000000197d0000,0x00000000198d0000)]
  0x0000000017b43800 JavaThread "C2 CompilerThread1" daemon [_thread_in_native, id=4292, stack(0x00000000192d0000,0x00000000193d0000)]
=>0x0000000017b34000 JavaThread "C2 CompilerThread0" daemon [_thread_in_native, id=13236, stack(0x00000000191d0000,0x00000000192d0000)]
  0x0000000017b31000 JavaThread "Attach Listener" daemon [_thread_blocked, id=13304, stack(0x00000000190d0000,0x00000000191d0000)]
  0x0000000017b37800 JavaThread "Signal Dispatcher" daemon [_thread_blocked, id=10988, stack(0x0000000018fd0000,0x00000000190d0000)]
  0x0000000002e5b800 JavaThread "Finalizer" daemon [_thread_blocked, id=8908, stack(0x0000000018db0000,0x0000000018eb0000)]
  0x0000000017b19000 JavaThread "Reference Handler" daemon [_thread_blocked, id=11816, stack(0x0000000018cb0000,0x0000000018db0000)]
  0x0000000002d62800 JavaThread "main" [_thread_blocked, id=944, stack(0x0000000002c10000,0x0000000002d10000)]

Other Threads:
  0x0000000017af6800 VMThread [stack: 0x0000000018bb0000,0x0000000018cb0000] [id=5912]
  0x00000000193f7000 WatcherThread [stack: 0x00000000199d0000,0x0000000019ad0000] [id=1692]

VM state:not at safepoint (normal execution)

VM Mutex/Monitor currently owned by a thread: None

heap address: 0x0000000080000000, size: 2048 MB, Compressed Oops mode: 32-bit
Narrow klass base: 0x0000000000000000, Narrow klass shift: 3
Compressed class space size: 1073741824 Address: 0x0000000100000000

Heap:
 PSYoungGen      total 321536K, used 189970K [0x00000000d5580000, 0x00000000ea680000, 0x0000000100000000)
  eden space 300032K, 62% used [0x00000000d5580000,0x00000000e0bcc948,0x00000000e7a80000)
  from space 21504K, 15% used [0x00000000e7a80000,0x00000000e7db8000,0x00000000e8f80000)
  to   space 15360K, 0% used [0x00000000e8f80000,0x00000000e8f80000,0x00000000e9e80000)
 ParOldGen       total 77312K, used 46896K [0x0000000080000000, 0x0000000084b80000, 0x00000000d5580000)
  object space 77312K, 60% used [0x0000000080000000,0x0000000082dcc260,0x0000000084b80000)
 Metaspace       used 74714K, capacity 78332K, committed 78552K, reserved 1118208K
  class space    used 9991K, capacity 10663K, committed 10752K, reserved 1048576K

Card table byte_map: [0x00000000122d0000,0x00000000126e0000] byte_map_base: 0x0000000011ed0000

Marking Bits: (ParMarkBitMap*) 0x000000005bc5f030
 Begin Bits: [0x0000000012d90000, 0x0000000014d90000)
 End Bits:   [0x0000000014d90000, 0x0000000016d90000)

Polling page: 0x0000000000f40000

CodeCache: size=245760Kb used=29026Kb max_used=29311Kb free=216733Kb
 bounds [0x0000000002f10000, 0x0000000004c00000, 0x0000000011f10000]
 total_blobs=9404 nmethods=8540 adapters=775
 compilation: enabled

Compilation events (10 events):
Event: 52.201 Thread 0x0000000017b8d800 10200   !   2       com.android.tools.build.jetifier.processor.transform.bytecode.ByteCodeTransformer::runTransform (159 bytes)
Event: 52.205 Thread 0x0000000017b8d800 nmethod 10200 0x0000000003a8ea90 code [0x0000000003a8edc0, 0x0000000003a8fb58]
Event: 52.205 Thread 0x0000000017b8d800 10201       2       com.android.tools.build.jetifier.processor.transform.bytecode.asm.CustomRemapper::<init> (16 bytes)
Event: 52.205 Thread 0x0000000017b8d800 nmethod 10201 0x00000000031ff810 code [0x00000000031ff9a0, 0x00000000031ffcb8]
Event: 52.289 Thread 0x0000000017b8d800 10204       2       kotlin.text.StringsKt__StringsJVMKt::replace$default (17 bytes)
Event: 52.289 Thread 0x0000000017b8d800 nmethod 10204 0x0000000003549c90 code [0x0000000003549de0, 0x0000000003549f48]
Event: 52.289 Thread 0x0000000017b8d800 10205       2       kotlin.text.StringsKt__StringsJVMKt::replace (147 bytes)
Event: 52.291 Thread 0x0000000017b8d800 nmethod 10205 0x0000000004a62c50 code [0x0000000004a62e80, 0x0000000004a63778]
Event: 52.292 Thread 0x0000000017b8d800 10206 %     3       kotlin.text.StringsKt__StringsKt::split$StringsKt__StringsKt @ 136 (246 bytes)
Event: 52.297 Thread 0x0000000017b8d800 nmethod 10206% 0x0000000004bf5750 code [0x0000000004bf5b60, 0x0000000004bf8318]

GC Heap History (10 events):
Event: 18.384 GC heap before
{Heap before GC invocations=13 (full 3):
 PSYoungGen      total 315392K, used 15344K [0x00000000d5580000, 0x00000000ea680000, 0x0000000100000000)
  eden space 300032K, 0% used [0x00000000d5580000,0x00000000d5580000,0x00000000e7a80000)
  from space 15360K, 99% used [0x00000000e8f80000,0x00000000e9e7c3e0,0x00000000e9e80000)
  to   space 21504K, 0% used [0x00000000e7a80000,0x00000000e7a80000,0x00000000e8f80000)
 ParOldGen       total 77312K, used 23812K [0x0000000080000000, 0x0000000084b80000, 0x00000000d5580000)
  object space 77312K, 30% used [0x0000000080000000,0x0000000081741288,0x0000000084b80000)
 Metaspace       used 56572K, capacity 59054K, committed 59096K, reserved 1099776K
  class space    used 7456K, capacity 7932K, committed 7936K, reserved 1048576K
Event: 18.824 GC heap after
Heap after GC invocations=13 (full 3):
 PSYoungGen      total 315392K, used 0K [0x00000000d5580000, 0x00000000ea680000, 0x0000000100000000)
  eden space 300032K, 0% used [0x00000000d5580000,0x00000000d5580000,0x00000000e7a80000)
  from space 15360K, 0% used [0x00000000e8f80000,0x00000000e8f80000,0x00000000e9e80000)
  to   space 21504K, 0% used [0x00000000e7a80000,0x00000000e7a80000,0x00000000e8f80000)
 ParOldGen       total 77312K, used 37896K [0x0000000080000000, 0x0000000084b80000, 0x00000000d5580000)
  object space 77312K, 49% used [0x0000000080000000,0x0000000082502220,0x0000000084b80000)
 Metaspace       used 56512K, capacity 58864K, committed 59096K, reserved 1099776K
  class space    used 7439K, capacity 7907K, committed 7936K, reserved 1048576K
}
Event: 34.452 GC heap before
{Heap before GC invocations=14 (full 3):
 PSYoungGen      total 315392K, used 300032K [0x00000000d5580000, 0x00000000ea680000, 0x0000000100000000)
  eden space 300032K, 100% used [0x00000000d5580000,0x00000000e7a80000,0x00000000e7a80000)
  from space 15360K, 0% used [0x00000000e8f80000,0x00000000e8f80000,0x00000000e9e80000)
  to   space 21504K, 0% used [0x00000000e7a80000,0x00000000e7a80000,0x00000000e8f80000)
 ParOldGen       total 77312K, used 37896K [0x0000000080000000, 0x0000000084b80000, 0x00000000d5580000)
  object space 77312K, 49% used [0x0000000080000000,0x0000000082502220,0x0000000084b80000)
 Metaspace       used 73555K, capacity 77280K, committed 77528K, reserved 1116160K
  class space    used 9956K, capacity 10629K, committed 10752K, reserved 1048576K
Event: 34.545 GC heap after
Heap after GC invocations=14 (full 3):
 PSYoungGen      total 321536K, used 21480K [0x00000000d5580000, 0x00000000ea680000, 0x0000000100000000)
  eden space 300032K, 0% used [0x00000000d5580000,0x00000000d5580000,0x00000000e7a80000)
  from space 21504K, 99% used [0x00000000e7a80000,0x00000000e8f7a3f8,0x00000000e8f80000)
  to   space 15360K, 0% used [0x00000000e8f80000,0x00000000e8f80000,0x00000000e9e80000)
 ParOldGen       total 77312K, used 47759K [0x0000000080000000, 0x0000000084b80000, 0x00000000d5580000)
  object space 77312K, 61% used [0x0000000080000000,0x0000000082ea3f80,0x0000000084b80000)
 Metaspace       used 73555K, capacity 77280K, committed 77528K, reserved 1116160K
  class space    used 9956K, capacity 10629K, committed 10752K, reserved 1048576K
}
Event: 38.480 GC heap before
{Heap before GC invocations=15 (full 3):
 PSYoungGen      total 321536K, used 321512K [0x00000000d5580000, 0x00000000ea680000, 0x0000000100000000)
  eden space 300032K, 100% used [0x00000000d5580000,0x00000000e7a80000,0x00000000e7a80000)
  from space 21504K, 99% used [0x00000000e7a80000,0x00000000e8f7a3f8,0x00000000e8f80000)
  to   space 15360K, 0% used [0x00000000e8f80000,0x00000000e8f80000,0x00000000e9e80000)
 ParOldGen       total 77312K, used 47759K [0x0000000080000000, 0x0000000084b80000, 0x00000000d5580000)
  object space 77312K, 61% used [0x0000000080000000,0x0000000082ea3f80,0x0000000084b80000)
 Metaspace       used 74246K, capacity 77982K, committed 78296K, reserved 1116160K
  class space    used 9986K, capacity 10664K, committed 10752K, reserved 1048576K
Event: 38.516 GC heap after
Heap after GC invocations=15 (full 3):
 PSYoungGen      total 315392K, used 1177K [0x00000000d5580000, 0x00000000ea680000, 0x0000000100000000)
  eden space 300032K, 0% used [0x00000000d5580000,0x00000000d5580000,0x00000000e7a80000)
  from space 15360K, 7% used [0x00000000e8f80000,0x00000000e90a6578,0x00000000e9e80000)
  to   space 21504K, 0% used [0x00000000e7a80000,0x00000000e7a80000,0x00000000e8f80000)
 ParOldGen       total 77312K, used 64811K [0x0000000080000000, 0x0000000084b80000, 0x00000000d5580000)
  object space 77312K, 83% used [0x0000000080000000,0x0000000083f4afe0,0x0000000084b80000)
 Metaspace       used 74246K, capacity 77982K, committed 78296K, reserved 1116160K
  class space    used 9986K, capacity 10664K, committed 10752K, reserved 1048576K
}
Event: 38.517 GC heap before
{Heap before GC invocations=16 (full 4):
 PSYoungGen      total 315392K, used 1177K [0x00000000d5580000, 0x00000000ea680000, 0x0000000100000000)
  eden space 300032K, 0% used [0x00000000d5580000,0x00000000d5580000,0x00000000e7a80000)
  from space 15360K, 7% used [0x00000000e8f80000,0x00000000e90a6578,0x00000000e9e80000)
  to   space 21504K, 0% used [0x00000000e7a80000,0x00000000e7a80000,0x00000000e8f80000)
 ParOldGen       total 77312K, used 64811K [0x0000000080000000, 0x0000000084b80000, 0x00000000d5580000)
  object space 77312K, 83% used [0x0000000080000000,0x0000000083f4afe0,0x0000000084b80000)
 Metaspace       used 74246K, capacity 77982K, committed 78296K, reserved 1116160K
  class space    used 9986K, capacity 10664K, committed 10752K, reserved 1048576K
Event: 38.885 GC heap after
Heap after GC invocations=16 (full 4):
 PSYoungGen      total 315392K, used 0K [0x00000000d5580000, 0x00000000ea680000, 0x0000000100000000)
  eden space 300032K, 0% used [0x00000000d5580000,0x00000000d5580000,0x00000000e7a80000)
  from space 15360K, 0% used [0x00000000e8f80000,0x00000000e8f80000,0x00000000e9e80000)
  to   space 21504K, 0% used [0x00000000e7a80000,0x00000000e7a80000,0x00000000e8f80000)
 ParOldGen       total 77312K, used 46888K [0x0000000080000000, 0x0000000084b80000, 0x00000000d5580000)
  object space 77312K, 60% used [0x0000000080000000,0x0000000082dca260,0x0000000084b80000)
 Metaspace       used 74172K, capacity 77756K, committed 78296K, reserved 1116160K
  class space    used 9962K, capacity 10621K, committed 10752K, reserved 1048576K
}
Event: 48.887 GC heap before
{Heap before GC invocations=17 (full 4):
 PSYoungGen      total 315392K, used 300032K [0x00000000d5580000, 0x00000000ea680000, 0x0000000100000000)
  eden space 300032K, 100% used [0x00000000d5580000,0x00000000e7a80000,0x00000000e7a80000)
  from space 15360K, 0% used [0x00000000e8f80000,0x00000000e8f80000,0x00000000e9e80000)
  to   space 21504K, 0% used [0x00000000e7a80000,0x00000000e7a80000,0x00000000e8f80000)
 ParOldGen       total 77312K, used 46888K [0x0000000080000000, 0x0000000084b80000, 0x00000000d5580000)
  object space 77312K, 60% used [0x0000000080000000,0x0000000082dca260,0x0000000084b80000)
 Metaspace       used 74469K, capacity 78104K, committed 78552K, reserved 1118208K
  class space    used 9970K, capacity 10631K, committed 10752K, reserved 1048576K
Event: 48.896 GC heap after
Heap after GC invocations=17 (full 4):
 PSYoungGen      total 321536K, used 3296K [0x00000000d5580000, 0x00000000ea680000, 0x0000000100000000)
  eden space 300032K, 0% used [0x00000000d5580000,0x00000000d5580000,0x00000000e7a80000)
  from space 21504K, 15% used [0x00000000e7a80000,0x00000000e7db8000,0x00000000e8f80000)
  to   space 15360K, 0% used [0x00000000e8f80000,0x00000000e8f80000,0x00000000e9e80000)
 ParOldGen       total 77312K, used 46896K [0x0000000080000000, 0x0000000084b80000, 0x00000000d5580000)
  object space 77312K, 60% used [0x0000000080000000,0x0000000082dcc260,0x0000000084b80000)
 Metaspace       used 74469K, capacity 78104K, committed 78552K, reserved 1118208K
  class space    used 9970K, capacity 10631K, committed 10752K, reserved 1048576K
}

Deoptimization events (10 events):
Event: 46.701 Thread 0x000000001a7b0000 Uncommon trap: reason=unstable_if action=reinterpret pc=0x00000000049721e0 method=org.objectweb.asm.ClassReader.readMethod(Lorg/objectweb/asm/ClassVisitor;Lorg/objectweb/asm/Context;I)I @ 298
Event: 47.060 Thread 0x000000001a7b0000 Uncommon trap: reason=unstable_if action=reinterpret pc=0x000000000376408c method=java.util.concurrent.ConcurrentHashMap.addCount(JI)V @ 97
Event: 47.901 Thread 0x000000001a7aa000 Uncommon trap: reason=unstable_if action=reinterpret pc=0x0000000003d3264c method=java.util.concurrent.ConcurrentHashMap.addCount(JI)V @ 97
Event: 49.479 Thread 0x000000001a7a8800 Uncommon trap: reason=unstable_if action=reinterpret pc=0x0000000003d393c0 method=java.util.concurrent.locks.ReentrantLock$Sync.nonfairTryAcquire(I)Z @ 19
Event: 51.153 Thread 0x000000001a7ae800 Uncommon trap: reason=unstable_if action=reinterpret pc=0x000000000494f4c0 method=org.objectweb.asm.Type.getArgumentsAndReturnSizes(Ljava/lang/String;)I @ 25
Event: 51.153 Thread 0x000000001a7ae800 Uncommon trap: reason=unstable_if action=reinterpret pc=0x0000000004966ae8 method=org.objectweb.asm.Type.getArgumentsAndReturnSizes(Ljava/lang/String;)I @ 25
Event: 51.241 Thread 0x000000001a7a8800 Uncommon trap: reason=unstable_if action=reinterpret pc=0x00000000047a7c64 method=java.util.regex.Pattern$Begin.match(Ljava/util/regex/Matcher;ILjava/lang/CharSequence;)Z @ 33
Event: 51.464 Thread 0x000000001a7ae800 Uncommon trap: reason=unstable_if action=reinterpret pc=0x0000000003d8eeb8 method=kotlin.text.StringsKt__StringsKt.contains(Ljava/lang/CharSequence;CZ)Z @ 16
Event: 51.464 Thread 0x000000001bb61800 Uncommon trap: reason=unstable_if action=reinterpret pc=0x0000000003d8eeb8 method=kotlin.text.StringsKt__StringsKt.contains(Ljava/lang/CharSequence;CZ)Z @ 16
Event: 51.477 Thread 0x000000001a7ae800 Uncommon trap: reason=unstable_if action=reinterpret pc=0x00000000030f3fc4 method=kotlin.text.StringsKt__StringsKt.contains(Ljava/lang/CharSequence;CZ)Z @ 16

Classes redefined (0 events):
No events

Internal exceptions (10 events):
Event: 46.725 Thread 0x000000001a7b0000 Exception <a 'sun/nio/fs/WindowsException'> (0x00000000e60924e8) thrown at [C:\src\AOSP-openjdk-git\hotspot\src\share\vm\prims\jni.cpp, line 710]
Event: 47.697 Thread 0x000000001a7aa000 Exception <a 'sun/nio/fs/WindowsException'> (0x00000000e6a4b180) thrown at [C:\src\AOSP-openjdk-git\hotspot\src\share\vm\prims\jni.cpp, line 710]
Event: 48.744 Thread 0x000000001a7b0000 Exception <a 'sun/nio/fs/WindowsException'> (0x00000000e76e39d8) thrown at [C:\src\AOSP-openjdk-git\hotspot\src\share\vm\prims\jni.cpp, line 710]
Event: 48.898 Thread 0x000000001a7a8800 Exception <a 'sun/nio/fs/WindowsException'> (0x00000000d5707af0) thrown at [C:\src\AOSP-openjdk-git\hotspot\src\share\vm\prims\jni.cpp, line 710]
Event: 49.359 Thread 0x000000001a7ae800 Exception <a 'sun/nio/fs/WindowsException'> (0x00000000d5a15630) thrown at [C:\src\AOSP-openjdk-git\hotspot\src\share\vm\prims\jni.cpp, line 710]
Event: 49.513 Thread 0x000000001a7ae800 Exception <a 'java/net/SocketTimeoutException': Read timed out> (0x00000000d5d40d38) thrown at [C:\src\AOSP-openjdk-git\hotspot\src\share\vm\prims\jni.cpp, line 737]
Event: 49.896 Thread 0x000000001a7ae800 Exception <a 'sun/nio/fs/WindowsException'> (0x00000000d5dad9c8) thrown at [C:\src\AOSP-openjdk-git\hotspot\src\share\vm\prims\jni.cpp, line 710]
Event: 50.910 Thread 0x000000001a7b0000 Exception <a 'sun/nio/fs/WindowsException'> (0x00000000d6849d00) thrown at [C:\src\AOSP-openjdk-git\hotspot\src\share\vm\prims\jni.cpp, line 710]
Event: 51.470 Thread 0x000000001bb61800 Exception <a 'sun/nio/fs/WindowsException'> (0x00000000d6332fd0) thrown at [C:\src\AOSP-openjdk-git\hotspot\src\share\vm\prims\jni.cpp, line 710]
Event: 51.499 Thread 0x000000001a7a8800 Exception <a 'sun/nio/fs/WindowsException'> (0x00000000dd8dca50) thrown at [C:\src\AOSP-openjdk-git\hotspot\src\share\vm\prims\jni.cpp, line 710]

Events (10 events):
Event: 51.555 Thread 0x0000000017b8d800 flushing nmethod 0x000000000489d850
Event: 51.555 Thread 0x0000000017b8d800 flushing nmethod 0x00000000048a5b10
Event: 51.556 Thread 0x0000000017b8d800 flushing nmethod 0x00000000048bb450
Event: 51.557 Thread 0x0000000017b8d800 flushing nmethod 0x000000000493ce90
Event: 51.558 Thread 0x0000000017b8d800 flushing nmethod 0x0000000004a2f890
Event: 51.558 Thread 0x0000000017b8d800 flushing nmethod 0x0000000004a62950
Event: 51.558 Thread 0x0000000017b8d800 flushing nmethod 0x0000000004aba550
Event: 51.558 Thread 0x0000000017b8d800 flushing nmethod 0x0000000004abacd0
Event: 51.558 Thread 0x0000000017b8d800 flushing nmethod 0x0000000004ac8f90
Event: 51.558 Thread 0x0000000017b8d800 flushing nmethod 0x0000000004b20e50


Dynamic libraries:
0x00007ff750f70000 - 0x00007ff750fa1000 	C:\Program Files\Android\Android Studio\jre\bin\java.exe
0x00007ffedb510000 - 0x00007ffedb706000 	C:\WINDOWS\SYSTEM32\ntdll.dll
0x00007ffed9bf0000 - 0x00007ffed9cad000 	C:\WINDOWS\System32\KERNEL32.DLL
0x00007ffed8c80000 - 0x00007ffed8f49000 	C:\WINDOWS\System32\KERNELBASE.dll
0x00007ffeda930000 - 0x00007ffeda9dc000 	C:\WINDOWS\System32\ADVAPI32.dll
0x00007ffeda4a0000 - 0x00007ffeda53e000 	C:\WINDOWS\System32\msvcrt.dll
0x00007ffeda400000 - 0x00007ffeda49c000 	C:\WINDOWS\System32\sechost.dll
0x00007ffedb050000 - 0x00007ffedb17b000 	C:\WINDOWS\System32\RPCRT4.dll
0x00007ffedb180000 - 0x00007ffedb320000 	C:\WINDOWS\System32\USER32.dll
0x00007ffed8c50000 - 0x00007ffed8c72000 	C:\WINDOWS\System32\win32u.dll
0x00007ffedab30000 - 0x00007ffedab5a000 	C:\WINDOWS\System32\GDI32.dll
0x00007ffed9080000 - 0x00007ffed918b000 	C:\WINDOWS\System32\gdi32full.dll
0x00007ffed9190000 - 0x00007ffed922d000 	C:\WINDOWS\System32\msvcp_win.dll
0x00007ffed9470000 - 0x00007ffed9570000 	C:\WINDOWS\System32\ucrtbase.dll
0x00007ffeccda0000 - 0x00007ffecd03b000 	C:\WINDOWS\WinSxS\amd64_microsoft.windows.common-controls_6595b64144ccf1df_6.0.19041.746_none_ca02b4b61b8320a4\COMCTL32.dll
0x00007ffeda760000 - 0x00007ffeda790000 	C:\WINDOWS\System32\IMM32.DLL
0x000000005cd20000 - 0x000000005cdf2000 	C:\Program Files\Android\Android Studio\jre\jre\bin\msvcr100.dll
0x000000005b490000 - 0x000000005bcdb000 	C:\Program Files\Android\Android Studio\jre\jre\bin\server\jvm.dll
0x00007ffed9a00000 - 0x00007ffed9a08000 	C:\WINDOWS\System32\PSAPI.DLL
0x00007ffec6a90000 - 0x00007ffec6a99000 	C:\WINDOWS\SYSTEM32\WSOCK32.dll
0x00007ffeda540000 - 0x00007ffeda5ab000 	C:\WINDOWS\System32\WS2_32.dll
0x00007ffecff60000 - 0x00007ffecff87000 	C:\WINDOWS\SYSTEM32\WINMM.dll
0x00007ffed3760000 - 0x00007ffed376a000 	C:\WINDOWS\SYSTEM32\VERSION.dll
0x00007ffed4700000 - 0x00007ffed470f000 	C:\Program Files\Android\Android Studio\jre\jre\bin\verify.dll
0x00007ffecb2b0000 - 0x00007ffecb2d9000 	C:\Program Files\Android\Android Studio\jre\jre\bin\java.dll
0x00007ffecb290000 - 0x00007ffecb2a6000 	C:\Program Files\Android\Android Studio\jre\jre\bin\zip.dll
0x00007ffed9cb0000 - 0x00007ffeda3f3000 	C:\WINDOWS\System32\SHELL32.dll
0x00007ffed69a0000 - 0x00007ffed712f000 	C:\WINDOWS\SYSTEM32\windows.storage.dll
0x00007ffed9570000 - 0x00007ffed98c6000 	C:\WINDOWS\System32\combase.dll
0x00007ffed85e0000 - 0x00007ffed860c000 	C:\WINDOWS\SYSTEM32\Wldp.dll
0x00007ffed9a10000 - 0x00007ffed9abe000 	C:\WINDOWS\System32\SHCORE.dll
0x00007ffedaa70000 - 0x00007ffedaac5000 	C:\WINDOWS\System32\shlwapi.dll
0x00007ffed8b80000 - 0x00007ffed8ba6000 	C:\WINDOWS\SYSTEM32\profapi.dll
0x00007ffecb010000 - 0x00007ffecb02a000 	C:\Program Files\Android\Android Studio\jre\jre\bin\net.dll
0x00007ffed8360000 - 0x00007ffed83ca000 	C:\WINDOWS\system32\mswsock.dll
0x00007ffecaff0000 - 0x00007ffecb003000 	C:\Program Files\Android\Android Studio\jre\jre\bin\nio.dll
0x00007ffea03c0000 - 0x00007ffea03e7000 	C:\Users\ASUS\.gradle\native\fdc75f09e3144964f2cf3f50f0aa648679c211496f362492102eb8c894070792\windows-amd64\native-platform.dll
0x00007ffe94390000 - 0x00007ffe94526000 	C:\Users\ASUS\.gradle\native\12488b8bf47d2d4c9fbf2f6322a914ad602e24e48041cd04a747c6da556b65c4\windows-amd64\native-platform-file-events.dll
0x00007ffed4520000 - 0x00007ffed452d000 	C:\Program Files\Android\Android Studio\jre\jre\bin\management.dll
0x00007ffed8530000 - 0x00007ffed8548000 	C:\WINDOWS\SYSTEM32\CRYPTSP.dll
0x00007ffed7d00000 - 0x00007ffed7d34000 	C:\WINDOWS\system32\rsaenh.dll
0x00007ffed9050000 - 0x00007ffed9077000 	C:\WINDOWS\System32\bcrypt.dll
0x00007ffed8b40000 - 0x00007ffed8b6e000 	C:\WINDOWS\SYSTEM32\USERENV.dll
0x00007ffed9290000 - 0x00007ffed9310000 	C:\WINDOWS\System32\bcryptprimitives.dll
0x00007ffed8550000 - 0x00007ffed855c000 	C:\WINDOWS\SYSTEM32\CRYPTBASE.dll
0x00007ffed8050000 - 0x00007ffed808b000 	C:\WINDOWS\SYSTEM32\IPHLPAPI.DLL
0x00007ffeda5b0000 - 0x00007ffeda5b8000 	C:\WINDOWS\System32\NSI.dll
0x00007ffed1ba0000 - 0x00007ffed1bb7000 	C:\WINDOWS\SYSTEM32\dhcpcsvc6.DLL
0x00007ffed1870000 - 0x00007ffed188d000 	C:\WINDOWS\SYSTEM32\dhcpcsvc.DLL
0x00007ffed8090000 - 0x00007ffed815b000 	C:\WINDOWS\SYSTEM32\DNSAPI.dll
0x00007ffed1c00000 - 0x00007ffed1c0b000 	C:\WINDOWS\SYSTEM32\WINNSI.DLL
0x00007ffec76d0000 - 0x00007ffec76f4000 	C:\Program Files\Android\Android Studio\jre\jre\bin\sunec.dll
0x00007ffed3e30000 - 0x00007ffed3e3b000 	C:\Program Files\Android\Android Studio\jre\jre\bin\sunmscapi.dll
0x00007ffed9310000 - 0x00007ffed9466000 	C:\WINDOWS\System32\CRYPT32.dll
0x00007ffeceb00000 - 0x00007ffeceb0a000 	C:\Windows\System32\rasadhlp.dll
0x00007ffecf1e0000 - 0x00007ffecf25f000 	C:\WINDOWS\System32\fwpuclnt.dll
0x00007ffed7990000 - 0x00007ffed79c3000 	C:\WINDOWS\SYSTEM32\ntmarta.dll

VM Arguments:
jvm_args: -Xmx2048m -Dfile.encoding=UTF-8 -Duser.country=ES -Duser.language=es -Duser.variant 
java_command: org.gradle.launcher.daemon.bootstrap.GradleDaemon 6.8
java_class_path (initial): C:\Users\ASUS\.gradle\wrapper\dists\gradle-6.8-bin\1jblhjyydfkclfzx1agp92nyl\gradle-6.8\lib\gradle-launcher-6.8.jar
Launcher Type: SUN_STANDARD

Environment Variables:
PATH=C:\Program Files (x86)\Common Files\Oracle\Java\javapath;C:\oraclexe\app\oracle\product\11.2.0\server\bin;C:\ProgramData\Oracle\Java\javapath;C:\Program Files (x86)\NVIDIA Corporation\PhysX\Common;C:\WINDOWS\system32;C:\WINDOWS;C:\WINDOWS\System32\Wbem;C:\WINDOWS\System32\WindowsPowerShell\v1.0\;C:\Program Files\Common Files\Autodesk Shared\;C:\Program Files (x86)\Autodesk\Backburner\;C:\Program Files\Microsoft SQL Server\Client SDK\ODBC\110\Tools\Binn\;C:\Program Files (x86)\Microsoft SQL Server\120\Tools\Binn\;C:\Program Files\Microsoft SQL Server\120\Tools\Binn\;C:\Program Files\Microsoft SQL Server\120\DTS\Binn\;C:\Program Files (x86)\Windows Kits\8.1\Windows Performance Toolkit\;C:\WINDOWS\System32\OpenSSH\;C:\Program Files (x86)\Dev-Cpp\MinGW64\bin;C:\Program Files (x86)\Brackets\command;C:\Program Files\NVIDIA Corporation\NVIDIA NvDLISR;C:\Program Files\PuTTY\;C:\WINDOWS\system32;C:\WINDOWS;C:\WINDOWS\System32\Wbem;C:\WINDOWS\System32\WindowsPowerShell\v1.0\;C:\WINDOWS\System32\OpenSSH\;C:\Users\ASUS\AppData\Local\Programs\Python\Python37-32\Scripts\;C:\Users\ASUS\AppData\Local\Programs\Python\Python37-32\;C:\Users\ASUS\AppData\Local\Microsoft\WindowsApps;C:\Users\ASUS\AppData\Local\GitHubDesktop\bin;C:\Users\ASUS\AppData\Local\Programs\Microsoft VS Code\bin
USERNAME=ASUS
OS=Windows_NT
PROCESSOR_IDENTIFIER=Intel64 Family 6 Model 58 Stepping 9, GenuineIntel



---------------  S Y S T E M  ---------------

OS: Windows 10.0 , 64 bit Build 19041 (10.0.19041.662)

CPU:total 4 (initial active 4) (2 cores per cpu, 2 threads per core) family 6 model 58 stepping 9, cmov, cx8, fxsr, mmx, sse, sse2, sse3, ssse3, sse4.1, sse4.2, popcnt, avx, aes, clmul, erms, ht, tsc, tscinvbit, tscinv

Memory: 4k page, physical 8271404k(1723364k free), swap 9319980k(8488k free)

vm_info: OpenJDK 64-Bit Server VM (25.242-b01) for windows-amd64 JRE (1.8.0_242-release-1644-b01), built by "builder" with MS VC++ 10.0 (VS2010)

time: Wed Feb 10 20:44:12 2021
timezone: Hora estándar romance
elapsed time: 52 seconds (0d 0h 0m 52s)

